csv: 120.9653  23.4706 3862  128 120.9633  23.4708 3734 120.95728  23.47 3952
csv: 120.9589  23.4464 3845  174 120.9553  23.4550 3671 120.95728  23.47 3952
csv: 120.9594  23.4872 3850  183 120.9592  23.4786 3667 120.95728  23.47 3952
csv: 121.2403  24.4144 3694  104 121.2428  24.4117 3590 121.2319  24.3831 3878
csv: 121.0478  23.4819 3629  116 121.0417  23.4772 3513 121.0383  23.4739 3639
csv: 121.0383  23.4739 3639  142 121.0511  23.4872 3497 121.0572  23.4967 3825
csv: 121.4236  24.3083 3573  100 121.4214  24.3083 3473 121.4161  24.3100 3693
csv: 120.9369  23.4408 3578  115 120.9419  23.4433 3463 120.95728  23.47 3952
csv: 121.0669  23.5206 3766  321 121.0672  23.5119 3445 121.0572  23.4967 3825
csv: 120.9347  23.4725 3511  116 120.9400  23.4719 3395 120.95728  23.47 3952
csv: 121.2667  24.4281 3517  166 121.2572  24.4256 3351 121.2319  24.3831 3878
csv: 121.0881  23.6428 3523  174 121.0861  23.6367 3349 121.0919  23.6267 3607
csv: 121.0919  23.5150 3487  151 121.0861  23.5147 3336 121.0572  23.4967 3825
csv: 121.2053  24.3569 3467  131 121.2058  24.3533 3336 121.2003  24.3408 3584
csv: 121.2003  24.3408 3584  250 121.2086  24.3667 3334 121.2319  24.3831 3878
csv: 121.2372  24.3719 3508  182 121.2369  24.3756 3326 121.2319  24.3831 3878
csv: 121.1244  23.6108 3411  102 121.1208  23.6167 3309 121.1172  23.6233 3504
csv: 121.3233  24.0861 3561  252 121.3264  24.1053 3309 121.3347  24.1181 3593
csv: 120.9267  23.2447 3413  126 120.9233  23.2414 3287 120.9117  23.2269 3656
csv: 121.1372  24.3544 3511  238 121.1294  24.3472 3273 121.1211  24.3306 3524
csv: 121.0286  23.2972 3488  218 121.0150  23.2928 3270 120.9925  23.2842 3594
csv: 121.1347  23.5147 3378  113 121.1319  23.5156 3265 121.1172  23.5217 3551
csv: 121.1172  23.6233 3504  240 121.1017  23.6275 3264 121.0919  23.6267 3607
csv: 121.4047  24.3086 3407  143 121.4089  24.3081 3264 121.4161  24.3100 3693
csv: 121.0856  23.6111 3448  188 121.0933  23.6200 3260 121.0919  23.6267 3607
csv: 121.2711  24.1425 3411  159 121.2781  24.1361 3252 121.2811  24.1356 3415
csv: 121.2583  24.4381 3397  146 121.2589  24.4347 3251 121.2319  24.3831 3878
csv: 121.1381  23.5953 3346  108 121.1292  23.5981 3238 121.0919  23.6267 3607
csv: 121.1172  23.5217 3551  313 121.1025  23.5194 3238 121.0572  23.4967 3825
csv: 121.2719  24.4575 3357  122 121.2692  24.4578 3235 121.2578  24.4575 3475
csv: 121.3000  24.0622 3377  151 121.3069  24.0714 3226 121.3347  24.1181 3593
csv: 121.0517  23.4508 3384  163 121.0564  23.4594 3221 121.0572  23.4967 3825
csv: 121.2800  24.0611 3358  138 121.2889  24.0644 3220 121.3347  24.1181 3593
csv: 121.2050  24.3219 3304  101 121.2072  24.3314 3203 121.2319  24.3831 3878
csv: 121.3575  24.1097 3336  136 121.3492  24.1169 3200 121.3347  24.1181 3593
csv: 121.2881  24.4308 3292  135 121.2817  24.4303 3157 121.2319  24.3831 3878
csv: 121.1567  24.3594 3363  216 121.1503  24.3581 3147 121.1211  24.3306 3524
csv: 121.1925  23.4633 3271  128 121.1883  23.4650 3143 121.1739  23.4836 3437
csv: 121.2808  24.1556 3275  147 121.2842  24.1419 3128 121.2811  24.1356 3415
csv: 120.9178  23.4756 3227  101 120.9225  23.4750 3126 120.95728  23.47 3952
csv: 121.1961  24.3964 3258  138 121.2078  24.3967 3120 121.2319  24.3831 3878
csv: 121.0822  23.5908 3440  321 121.0900  23.5997 3119 121.0919  23.6267 3607
csv: 121.3047  24.4325 3314  199 121.2978  24.4331 3115 121.2319  24.3831 3878
csv: 121.1467  23.8478 3229  123 121.1303  23.8392 3106 121.1158  23.8344 3359
csv: 121.1828  23.5814 3255  150 121.1872  23.5792 3105 121.1964  23.5794 3271
csv: 121.2578  24.4575 3475  374 121.2608  24.4506 3101 121.2319  24.3831 3878
csv: 120.9378  23.2447 3293  193 120.9339  23.2433 3100 120.9117  23.2269 3656
csv: 121.2856  24.0411 3195  102 121.2839  24.0503 3093 121.3347  24.1181 3593
csv: 121.0097  23.4903 3322  234 121.0258  23.4919 3088 121.0572  23.4967 3825
csv: 121.1683  24.3617 3232  145 121.1633  24.3608 3087 121.1211  24.3306 3524
csv: 121.2311  24.4667 3190  109 121.2358  24.4692 3081 121.2319  24.3831 3878
csv: 121.1522  23.4919 3180  101 121.1575  23.4800 3079 121.1600  23.4681 3332
csv: 121.1853  23.8519 3249  174 121.1478  23.8692 3075 121.1389  23.8761 3275
csv: 121.2522  24.1758 3228  153 121.2675  24.1778 3075 121.2811  24.1811 3419
csv: 121.1700  24.2953 3253  182 121.1806  24.3019 3071 121.1878  24.3064 3305
csv: 121.3431  24.1489 3244  175 121.3347  24.1286 3069 121.3347  24.1181 3593
csv: 121.2003  23.5961 3181  113 121.2047  23.5958 3068 121.2133  23.6003 3319
csv: 121.0936  24.1903 3248  181 121.1006  24.1958 3067 121.1089  24.2025 3336
csv: 121.0103  23.3458 3354  291 121.0000  23.3567 3063 120.9758  23.3536 3559
csv: 121.1878  24.3064 3305  244 121.1933  24.3108 3061 121.2319  24.3831 3878
csv: 121.0286  23.4411 3167  108 121.0331  23.4425 3059 121.0572  23.4967 3825
csv: 121.3719  24.2542 3224  165 121.3792  24.2528 3059 121.3847  24.2553 3444
csv: 121.1600  23.4681 3332  278 121.1481  23.5022 3054 121.0572  23.4967 3825
csv: 121.4161  24.3100 3693  640 121.4342  24.3225 3053 121.4392  24.3619 3735
csv: 121.1750  24.3817 3297  247 121.1733  24.3736 3050 121.1211  24.3306 3524
csv: 121.1906  23.4531 3165  118 121.1889  23.4561 3047 121.1739  23.4836 3437
csv: 121.0681  23.5469 3197  160 121.0764  23.5383 3037 121.0572  23.4967 3825
csv: 121.1397  23.6356 3170  134 121.1433  23.6294 3036 121.0919  23.6267 3607
csv: 121.3000  24.1264 3152  118 121.2922  24.1331 3034 121.2811  24.1356 3415
csv: 121.4856  24.3486 3215  188 121.4767  24.3514 3027 121.4392  24.3619 3735
csv: 121.1894  23.5947 3128  103 121.1847  23.5933 3025 121.1964  23.5794 3271
csv: 121.4417  24.4003 3162  137 121.4431  24.3964 3025 121.4392  24.3619 3735
csv: 121.3517  24.2442 3264  239 121.3450  24.2269 3025 121.3472  24.2133 3361
csv: 120.9522  23.2597 3127  106 120.9456  23.2525 3021 120.9117  23.2269 3656
csv: 121.0131  23.4328 3199  184 121.0203  23.4367 3015 121.0572  23.4967 3825
csv: 120.9597  23.2708 3170  158 120.9642  23.2722 3012 120.9925  23.2842 3594
csv: 120.8794  23.0344 3136  130 120.8814  23.0411 3006 120.8744  23.0508 3284
csv: 121.1739  23.4836 3437  439 121.1600  23.4844 2998 121.0572  23.4967 3825
csv: 120.8956  23.1617 3207  214 120.8872  23.1569 2993 120.8761  23.1514 3237
csv: 121.0592  23.5914 3241  252 121.0669  23.5917 2989 121.0919  23.6267 3607
csv: 121.1367  23.5733 3100  112 121.1369  23.5772 2988 121.0919  23.6267 3607
csv: 121.1692  23.5867 3103  117 121.1711  23.5842 2986 121.1964  23.5794 3271
csv: 121.3936  24.1044 3114  128 121.3806  24.1042 2986 121.3347  24.1181 3593
csv: 121.0028  23.3831 3088  105 121.0075  23.3856 2983 120.9983  23.3911 3263
csv: 121.0778  24.3364 3163  182 121.0997  24.3239 2981 121.1211  24.3306 3524
csv: 121.1258  23.5739 3086  106 121.1319  23.5747 2980 121.0919  23.6267 3607
csv: 120.9117  23.1856 3163  186 120.9011  23.1781 2977 120.8761  23.1514 3237
csv: 121.1964  23.5794 3271  299 121.1914  23.5983 2972 121.2133  23.6003 3319
csv: 121.1211  24.3306 3524  552 121.1881  24.3811 2972 121.2319  24.3831 3878
csv: 121.3472  24.2133 3361  389 121.3642  24.2489 2972 121.3847  24.2553 3444
csv: 121.1158  23.3194 3125  154 121.1228  23.3189 2971 121.1272  23.3164 3334
csv: 121.2133  23.6003 3319  350 121.1603  23.5869 2969 121.0919  23.6267 3607
csv: 120.9983  23.3911 3263  295 120.9981  23.3806 2968 120.9758  23.3536 3559
csv: 121.2747  23.9517 3154  190 121.2753  23.9594 2964 121.2778  23.9656 3341
csv: 121.0739  23.3058 3162  201 121.0644  23.3069 2961 120.9925  23.2842 3594
csv: 121.1033  23.3119 3141  182 121.1103  23.3183 2959 121.1272  23.3164 3334
csv: 121.1728  23.8711 3130  175 121.1672  23.8700 2955 121.1389  23.8761 3275
csv: 121.2447  24.1561 3084  129 121.2478  24.1528 2955 121.2811  24.1356 3415
csv: 121.2597  23.9914 3249  296 121.2667  23.9753 2953 121.2778  23.9656 3341
csv: 121.0411  23.5428 3112  161 121.0403  23.5361 2951 121.0572  23.4967 3825
csv: 121.3897  24.2903 3149  199 121.3872  24.2850 2950 121.3847  24.2553 3444
csv: 121.2811  24.1356 3415  469 121.2892  24.1653 2946 121.2811  24.1811 3419
csv: 121.1389  23.8761 3275  349 121.1514  23.8558 2926 121.1158  23.8344 3359
csv: 121.4128  24.0953 3070  152 121.4183  24.0917 2918 121.4189  24.0819 3281
csv: 120.9925  23.2842 3594  679 120.9581  23.2647 2915 120.9117  23.2269 3656
csv: 121.3153  23.9631 3016  118 121.3019  23.9603 2898 121.2778  23.9656 3341
csv: 120.9003  23.2625 3102  211 120.9072  23.2556 2891 120.9117  23.2269 3656
csv: 121.0325  23.3339 3056  166 121.0375  23.3328 2890 120.9117  23.2269 3656
csv: 121.2628  23.9003 2994  106 121.2681  23.9069 2888 121.2750  23.9078 3105
csv: 120.8761  23.1514 3237  353 120.9069  23.1956 2884 120.9117  23.2269 3656
csv: 121.3581  24.1922 3015  132 121.3533  24.1942 2883 121.3847  24.2553 3444
csv: 121.2450  23.6108 3046  167 121.2456  23.6014 2879 121.2444  23.5936 3051
csv: 120.8894  23.1103 3020  143 120.8875  23.0967 2877 120.8744  23.0508 3284
csv: 121.2478  23.5794 2996  121 121.2472  23.5828 2875 121.2444  23.5936 3051
csv: 121.0267  23.4058 3060  189 121.0242  23.4008 2871 120.9758  23.3536 3559
csv: 121.0514  24.2981 2988  117 121.0436  24.2950 2871 121.0394  24.2961 2993
csv: 121.3039  23.9450 2987  118 121.2867  23.9383 2869 121.2778  23.9656 3341
csv: 121.1461  23.5339 3020  158 121.1478  23.5261 2862 121.0572  23.4967 3825
csv: 121.4189  24.0819 3281  420 121.4061  24.1019 2861 121.3347  24.1181 3593
csv: 121.4461  24.3044 2985  125 121.4428  24.3003 2860 121.4392  24.3619 3735
csv: 120.8744  23.0508 3284  424 120.8853  23.1183 2860 120.9117  23.2269 3656
csv: 121.2333  23.7492 2974  123 121.2289  23.7436 2851 121.2394  23.7244 3002
csv: 121.3847  24.2553 3444  594 121.3967  24.2911 2850 121.4392  24.3619 3735
csv: 121.1428  24.2058 3039  190 121.1353  24.1961 2849 121.1300  24.1967 3040
csv: 121.2683  23.8836 3016  168 121.2631  23.8817 2848 121.2664  23.8728 3064
csv: 121.1389  23.3050 3000  159 121.1328  23.3036 2841 121.1272  23.3164 3334
csv: 121.2664  23.8728 3064  226 121.2653  23.8911 2838 121.2750  23.9078 3105
csv: 121.0786  23.2331 3017  185 121.0739  23.2442 2832 120.9117  23.2269 3656
csv: 121.2239  23.6333 3040  210 121.2247  23.6264 2830 121.0919  23.6267 3607
csv: 120.9542  23.4064 2937  107 120.9542  23.4103 2830 120.95728  23.47 3952
csv: 120.9758  23.3536 3559  730 121.0311  23.3378 2829 120.9117  23.2269 3656
csv: 121.2756  24.4931 2981  164 121.2647  24.4831 2817 121.2319  24.3831 3878
csv: 121.2025  23.4467 2939  125 121.2006  23.4481 2814 121.0572  23.4967 3825
csv: 121.0631  24.3144 2927  118 121.0664  24.3153 2809 121.2319  24.3831 3878
csv: 121.0572  23.4967 3825 1017 120.9958  23.4906 2808 120.95728  23.47 3952
csv: 121.4506  24.2867 2920  115 121.4439  24.2961 2805 121.4392  24.3619 3735
csv: 121.1569  23.5592 2948  154 121.1528  23.5597 2794 121.1458  23.5544 3056
csv: 121.4019  24.0597 2912  125 121.4053  24.0631 2787 121.3347  24.1181 3593
csv: 121.2444  23.5936 3051  265 121.2383  23.6139 2786 121.0919  23.6267 3607
csv: 121.0250  23.4144 2885  101 121.0272  23.4125 2784 120.9117  23.2269 3656
csv: 121.3097  24.2586 3160  378 121.3272  24.2589 2782 121.4392  24.3619 3735
csv: 121.3122  23.9439 2893  115 121.3092  23.9436 2778 121.2778  23.9656 3341
csv: 121.1489  23.3131 2926  149 121.1478  23.3089 2777 121.1272  23.3164 3334
csv: 121.1458  23.5544 3056  281 121.1594  23.5667 2775 121.0919  23.6267 3607
csv: 121.0919  23.6267 3607  832 121.1508  23.5467 2775 120.95728  23.47 3952
csv: 121.1300  24.1967 3040  265 121.1228  24.1967 2775 121.1089  24.2025 3336
csv: 121.2322  23.6764 2987  214 121.2375  23.6853 2773 121.2392  23.6936 3039
csv: 121.2750  23.9078 3105  338 121.2747  23.9247 2767 121.2778  23.9656 3341
csv: 121.2394  23.7244 3002  240 121.2408  23.7072 2762 121.2392  23.6936 3039
csv: 121.2778  23.9656 3341  581 121.2764  24.0189 2760 121.3347  24.1181 3593
csv: 120.9531  23.6722 3001  246 120.9486  23.6806 2755 120.9475  23.6939 3079
csv: 121.0467  23.4042 2875  120 121.0328  23.4083 2755 120.9117  23.2269 3656
csv: 120.9844  22.9914 2856  104 120.9892  22.9908 2752 120.9961  22.9853 2942
csv: 121.1272  23.3164 3334  585 121.0933  23.3108 2749 120.9117  23.2269 3656
csv: 121.0394  24.2961 2993  254 121.0542  24.3072 2739 121.2319  24.3831 3878
csv: 121.3292  23.9436 2903  173 121.3144  23.9381 2730 121.3347  24.1181 3593
csv: 120.8939  23.4756 2848  118 120.8856  23.4756 2730 120.8719  23.4608 2885
csv: 120.9261  23.1572 2897  172 120.9225  23.1617 2725 120.9156  23.1636 2932
csv: 120.9308  23.0408 2863  138 120.9306  23.0439 2725 120.9303  23.0486 2915
csv: 120.9156  23.1636 2932  212 120.9139  23.1689 2720 120.9117  23.2269 3656
csv: 121.0714  24.1700 2974  260 121.0803  24.1753 2714 121.1089  24.2025 3336
csv: 121.2811  24.1811 3419  707 121.3125  24.1203 2712 121.3347  24.1181 3593
csv: 120.8750  23.3397 2829  119 120.8806  23.3464 2710 120.8889  23.3533 2857
csv: 121.1631  24.2831 2882  178 121.1700  24.2892 2704 121.2319  24.3831 3878
csv: 121.1114  24.1561 2871  167 121.1050  24.1722 2704 121.1089  24.2025 3336
csv: 120.9642  23.6467 3052  349 120.9672  23.6131 2703 120.9628  23.5772 3270
csv: 121.4456  24.1244 3066  373 121.4606  24.1181 2693 121.4664  24.0992 3094
csv: 121.1886  24.4556 2872  180 121.1997  24.4558 2692 121.2319  24.3831 3878
csv: 121.1658  23.8919 2829  140 121.1639  23.8872 2689 121.1158  23.8344 3359
csv: 121.2206  23.7817 2938  251 121.2067  23.7681 2687 121.2392  23.6936 3039
csv: 120.9742  23.7372 2853  166 120.9775  23.7389 2687 120.9811  23.7447 2905
csv: 121.3056  23.9028 2800  114 121.3000  23.9003 2686 121.3347  24.1181 3593
csv: 121.4797  24.3311 2890  208 121.4739  24.3378 2682 121.4392  24.3619 3735
csv: 120.9817  23.5428 2943  262 120.9733  23.5492 2681 120.9628  23.5772 3270
csv: 121.3808  24.3675 2788  109 121.3717  24.3647 2679 121.3544  24.3467 2825
csv: 121.1725  23.8989 2772  102 121.1733  23.8961 2670 121.1158  23.8344 3359
csv: 121.1797  23.7706 2786  123 121.1833  23.7694 2663 121.2392  23.6936 3039
csv: 121.3133  23.8183 2825  167 121.3069  23.8194 2658 121.3011  23.8239 2825
csv: 120.8506  23.1669 2787  129 120.8606  23.1622 2658 120.9117  23.2269 3656
csv: 121.3003  23.8419 2790  140 121.2997  23.8283 2650 121.3011  23.8239 2825
csv: 121.3408  24.4806 2844  194 121.3358  24.4678 2650 121.2319  24.3831 3878
csv: 121.1856  24.2869 2760  110 121.1806  24.2897 2650 121.2319  24.3831 3878
csv: 120.9117  23.2269 3656 1009 121.0297  23.4206 2647 120.95728  23.47 3952
csv: 121.4664  24.0992 3094  447 121.4392  24.1139 2647 121.3347  24.1181 3593
csv: 121.3264  24.4197 2778  134 121.3275  24.4339 2644 121.2319  24.3831 3878
csv: 121.2600  23.7086 2780  142 121.2542  23.7044 2638 121.2392  23.6936 3039
csv: 121.3347  24.1181 3593  958 121.3086  24.1811 2635 121.4392  24.3619 3735
csv: 120.9364  23.0703 2762  128 120.9372  23.0586 2634 120.9303  23.0486 2915
csv: 121.2769  23.6422 2925  292 121.2622  23.6369 2633 120.95728  23.47 3952
csv: 120.9475  23.6939 3079  456 120.9572  23.6528 2623 120.9628  23.5772 3270
csv: 121.2306  24.4928 2723  100 121.2267  24.4956 2623 121.2194  24.5003 2912
csv: 121.2400  23.8211 2806  185 121.2258  23.8039 2621 121.2392  23.6936 3039
csv: 120.9511  23.1458 2784  163 120.9414  23.1511 2621 120.95728  23.47 3952
csv: 121.4864  24.3786 2762  142 121.4792  24.3797 2620 121.4392  24.3619 3735
csv: 120.8947  23.3892 2803  185 120.8978  23.3625 2618 120.8889  23.3533 2857
csv: 121.3439  23.9486 2757  143 121.3361  23.9397 2614 121.4392  24.3619 3735
csv: 120.9392  23.3544 3041  438 120.9539  23.3522 2603 120.95728  23.47 3952
csv: 121.2392  23.6936 3039  437 121.2281  23.6442 2602 120.95728  23.47 3952
csv: 120.9361  23.2175 2710  109 120.9358  23.2178 2601 120.95728  23.47 3952
csv: 120.8719  23.4608 2885  285 120.9006  23.4758 2600 120.95728  23.47 3952
csv: 120.8578  23.0306 2711  112 120.8600  23.0286 2599 120.95728  23.47 3952
csv: 121.1400  23.4689 2699  102 121.1419  23.4722 2597 120.95728  23.47 3952
csv: 120.9672  23.1403 2745  148 120.9603  23.1444 2597 120.95728  23.47 3952
csv: 120.9978  23.5086 2744  148 120.9867  23.5247 2596 120.9628  23.5772 3270
csv: 121.1986  23.5019 2735  141 121.1900  23.5019 2594 120.95728  23.47 3952
csv: 120.9303  23.0486 2915  328 120.9150  23.0367 2587 120.95728  23.47 3952
csv: 121.2128  23.8303 2766  181 121.2242  23.8192 2585 120.95728  23.47 3952
csv: 121.3964  24.2047 2695  114 121.3939  24.2050 2581 121.4392  24.3619 3735
csv: 120.9628  23.5772 3270  690 120.9997  23.5019 2580 120.95728  23.47 3952
csv: 121.2344  24.0561 2686  106 121.2458  24.0550 2580 121.4392  24.3619 3735
csv: 121.0261  24.2739 2735  156 121.0264  24.2789 2579 121.2319  24.3831 3878
csv: 121.1581  24.4503 2709  133 121.1669  24.4542 2576 121.2319  24.3831 3878
csv: 121.4872  24.3200 2681  106 121.4836  24.3231 2575 121.4392  24.3619 3735
csv: 120.8961  23.4997 2775  203 120.8936  23.4942 2572 120.95728  23.47 3952
csv: 121.2753  23.7169 2791  223 121.2708  23.7097 2568 120.95728  23.47 3952
csv: 121.2483  24.3178 2682  119 121.2386  24.3242 2563 121.2319  24.3831 3878
csv: 121.1228  23.8889 2717  155 121.1233  23.8842 2562 121.1158  23.8344 3359
csv: 121.2194  24.5003 2912  359 121.2333  24.4872 2553 121.2319  24.3831 3878
csv: 120.9453  23.0153 2780  249 120.9336  23.0233 2531 120.95728  23.47 3952
csv: 121.5078  24.3425 2687  162 121.5053  24.3417 2525 121.4392  24.3619 3735
csv: 121.2489  23.8525 2638  118 121.2497  23.8567 2520 121.4392  24.3619 3735
csv: 120.8381  22.9686 2669  151 120.8386  22.9758 2518 120.8292  22.9753 2769
csv: 120.8889  23.3533 2857  339 120.9142  23.4064 2518 120.95728  23.47 3952
csv: 121.3544  24.3467 2825  314 121.3928  24.3761 2511 121.4392  24.3619 3735
csv: 121.1756  23.7550 2640  130 121.1781  23.7594 2510 120.95728  23.47 3952
csv: 120.9961  22.9853 2942  433 120.9542  22.9956 2509 120.95728  23.47 3952
csv: 121.1000  23.4553 2637  128 121.0967  23.4597 2509 120.95728  23.47 3952
csv: 121.0672  24.2742 2684  181 121.0622  24.2897 2503 121.2319  24.3831 3878
csv: 120.8411  22.9897 2693  192 120.8400  22.9831 2501 120.8292  22.9753 2769
csv: 121.4392  24.3619 3735 1241 121.2392  23.8411 2494 120.95728  23.47 3952
csv: 120.8808  23.2175 2661  167 120.8847  23.2106 2494 120.95728  23.47 3952
csv: 121.0058  23.0664 2601  109 121.0006  23.0597 2492 120.9828  23.0708 2863
csv: 120.8344  23.0825 2845  353 120.8428  23.0781 2492 120.95728  23.47 3952
csv: 121.1158  23.8344 3359  875 121.2200  23.8361 2484 120.95728  23.47 3952
csv: 121.3700  24.1489 2618  135 121.3683  24.1456 2483 120.95728  23.47 3952
csv: 121.3617  24.4903 2588  110 121.3583  24.4875 2478 121.2319  24.3831 3878
csv: 121.2375  24.2206 2592  120 121.2322  24.2144 2472 121.2350  24.1994 2606
csv: 121.5025  24.3794 2607  138 121.4978  24.3772 2469 120.95728  23.47 3952
csv: 120.8511  23.0058 2722  260 120.8617  23.0158 2462 120.95728  23.47 3952
csv: 121.6294  24.2692 2598  143 121.6239  24.2731 2455 121.6153  24.2736 2647
csv: 120.8050  23.0933 2643  199 120.8142  23.0872 2444 120.95728  23.47 3952
csv: 120.9828  23.0708 2863  419 120.9689  23.0181 2444 120.95728  23.47 3952
csv: 120.9625  22.9711 2586  145 120.9628  22.9792 2441 120.95728  23.47 3952
csv: 120.9617  23.1617 2586  146 120.9589  23.1569 2440 120.95728  23.47 3952
csv: 121.1606  23.7525 2555  140 121.1650  23.7539 2415 120.95728  23.47 3952
csv: 120.9797  23.1217 2534  125 120.9772  23.1286 2409 120.95728  23.47 3952
csv: 121.0606  24.1953 2517  115 121.0678  24.1922 2402 121.1089  24.2025 3336
csv: 121.2350  24.1994 2606  205 121.2256  24.1878 2401 120.95728  23.47 3952
csv: 121.3581  24.3133 2527  129 121.3747  24.3181 2398 120.95728  23.47 3952
csv: 121.3078  24.5369 2504  114 121.3011  24.5322 2390 121.2319  24.3831 3878
csv: 120.8547  22.8825 2538  157 120.8639  22.8822 2381 120.8528  22.8942 2542
csv: 120.8208  23.5625 2551  172 120.8092  23.5464 2379 120.8086  23.5358 2650
csv: 121.2850  24.5311 2514  139 121.2928  24.5306 2375 121.2319  24.3831 3878
csv: 121.3458  23.9731 2519  145 121.3386  23.9728 2374 120.95728  23.47 3952
csv: 121.2022  23.7311 2476  103 121.2092  23.7294 2373 120.95728  23.47 3952
csv: 121.2756  24.5511 2570  206 121.2817  24.5361 2364 121.2319  24.3831 3878
csv: 120.8128  23.5056 2467  105 120.8147  23.5103 2362 120.8233  23.5111 2491
csv: 120.9336  23.6683 2505  148 120.9394  23.6689 2357 120.95728  23.47 3952
csv: 120.9683  22.9486 2588  236 120.9619  22.9564 2352 120.95728  23.47 3952
csv: 120.8489  23.1439 2491  139 120.8525  23.1422 2352 120.95728  23.47 3952
csv: 121.3658  24.0633 2474  123 121.3553  24.0703 2351 120.95728  23.47 3952
csv: 121.1494  23.9128 2478  129 121.1536  23.9072 2349 120.95728  23.47 3952
csv: 121.4781  24.4556 2488  144 121.4719  24.4464 2344 120.95728  23.47 3952
csv: 120.9933  23.7536 2475  132 120.9917  23.7492 2343 120.9811  23.7447 2905
csv: 120.8258  23.4950 2477  135 120.8242  23.5019 2342 120.8233  23.5111 2491
csv: 120.8217  23.5794 2467  131 120.8214  23.5675 2336 120.8086  23.5358 2650
csv: 120.8528  22.8942 2542  210 120.8564  22.8964 2332 120.8333  22.8997 2549
csv: 121.1769  24.5069 2473  145 121.1597  24.5042 2328 121.1506  24.5061 2496
csv: 121.0958  24.4964 2443  116 121.0903  24.4978 2327 121.0703  24.4967 2610
csv: 121.2611  24.5461 2430  109 121.2672  24.5475 2321 121.2319  24.3831 3878
csv: 121.1506  24.5061 2496  178 121.1833  24.5075 2318 121.2319  24.3831 3878
csv: 120.8233  23.5111 2491  177 120.8153  23.5281 2314 120.8086  23.5358 2650
csv: 121.5719  24.2439 2425  111 121.5736  24.2478 2314 121.5700  24.2567 2561
csv: 120.8264  23.4719 2610  298 120.8461  23.4731 2312 120.95728  23.47 3952
csv: 120.8219  22.9356 2459  148 120.8242  22.9328 2311 120.8292  22.9211 2511
csv: 121.3658  24.5028 2503  193 121.3672  24.4969 2310 121.2319  24.3831 3878
csv: 121.1303  23.2214 2560  256 121.1125  23.2244 2304 120.95728  23.47 3952
csv: 121.5372  24.3364 2403  101 121.5403  24.3356 2302 121.5453  24.3375 2452
csv: 121.4869  24.1267 2435  134 121.4775  24.1219 2301 120.95728  23.47 3952
csv: 120.7489  22.5728 2831  532 120.7506  22.5961 2299 120.7614  22.6269 3077
csv: 121.1289  23.7572 2632  334 121.1483  23.7475 2298 120.95728  23.47 3952
csv: 121.3933  24.1772 2440  142 121.3856  24.1761 2298 120.95728  23.47 3952
csv: 121.1294  23.6614 2398  102 121.1306  23.6622 2296 120.95728  23.47 3952
csv: 121.3281  24.5333 2401  105 121.3225  24.5311 2296 121.2319  24.3831 3878
csv: 120.8233  23.4433 2406  112 120.8197  23.4453 2294 120.95728  23.47 3952
csv: 121.0183  24.3103 2401  111 121.0203  24.3083 2290 121.2319  24.3831 3878
csv: 120.9811  23.7447 2905  619 120.9692  23.7233 2286 120.95728  23.47 3952
csv: 121.1875  23.9856 2399  115 121.1933  23.9817 2284 121.2006  23.9831 2614
csv: 121.3233  24.3719 2386  103 121.3267  24.3833 2283 121.2319  24.3831 3878
csv: 120.9903  24.2661 2443  161 120.9961  24.2681 2282 121.2319  24.3831 3878
csv: 121.2217  23.9967 2458  176 121.2289  23.9956 2282 120.95728  23.47 3952
csv: 121.3011  23.8239 2825  549 121.2953  23.8653 2276 120.95728  23.47 3952
csv: 120.8292  22.9753 2769  494 120.8489  22.9947 2275 120.95728  23.47 3952
csv: 121.1525  23.9233 2482  209 121.1572  23.9192 2273 120.95728  23.47 3952
csv: 120.8086  23.5358 2650  377 120.8303  23.4842 2273 120.95728  23.47 3952
csv: 121.3619  23.9325 2448  180 121.3672  23.9275 2268 121.3839  23.9225 2730
csv: 121.3839  23.9225 2730  465 121.3553  23.9314 2265 120.95728  23.47 3952
csv: 121.3678  24.0522 2417  156 121.3656  24.0569 2261 120.95728  23.47 3952
csv: 120.7922  22.8472 2387  130 120.7883  22.8397 2257 120.7817  22.8358 2434
csv: 121.5200  24.3714 2365  112 121.5189  24.3672 2253 120.95728  23.47 3952
csv: 121.1625  23.7878 2368  118 121.1664  23.7819 2250 120.95728  23.47 3952
csv: 120.9039  22.7775 2379  132 120.9019  22.7894 2247 120.9008  22.8042 2398
csv: 120.8214  23.4200 2398  154 120.8211  23.4311 2244 120.95728  23.47 3952
csv: 121.3561  23.9711 2356  122 121.3514  23.9761 2234 120.95728  23.47 3952
csv: 121.1883  23.4003 2339  108 121.1911  23.4069 2231 120.95728  23.47 3952
csv: 121.5386  24.1192 2380  151 121.5367  24.1156 2229 121.5219  24.1153 2507
csv: 121.1975  24.5372 2329  101 121.1994  24.5356 2228 121.2319  24.3831 3878
csv: 121.4811  24.0711 2369  143 121.4792  24.0794 2226 120.95728  23.47 3952
csv: 121.5842  24.2572 2390  165 121.5794  24.2556 2225 121.5700  24.2567 2561
csv: 121.2347  23.9072 2337  115 121.2389  23.9067 2222 120.95728  23.47 3952
csv: 121.4961  24.1444 2441  220 121.4967  24.1331 2221 120.95728  23.47 3952
csv: 121.5453  24.3375 2452  232 121.5289  24.3389 2220 120.95728  23.47 3952
csv: 121.2006  23.9831 2614  396 121.2289  23.9847 2218 120.95728  23.47 3952
csv: 121.0936  23.6967 2840  622 121.1250  23.6617 2218 120.95728  23.47 3952
csv: 120.8253  23.3375 2314  102 120.8403  23.3358 2212 120.95728  23.47 3952
csv: 121.5339  24.2900 2332  122 121.5347  24.2856 2210 121.5483  24.2714 2397
csv: 121.3297  23.8792 2445  236 121.3283  23.8725 2209 121.3258  23.8631 2521
csv: 120.9211  23.6725 2324  115 120.9272  23.6717 2209 120.95728  23.47 3952
csv: 121.0067  24.3283 2324  117 121.0106  24.3242 2207 121.2319  24.3831 3878
csv: 120.8544  22.8647 2415  212 120.8661  22.8694 2203 120.8333  22.8997 2549
csv: 121.2178  24.0150 2331  129 121.2189  24.0089 2202 120.95728  23.47 3952
csv: 120.7394  22.5567 2308  107 120.7394  22.5625 2201 120.7614  22.6269 3077
csv: 120.9861  22.9281 2352  153 120.9811  22.9344 2199 120.95728  23.47 3952
csv: 121.0272  24.1606 2441  249 121.0303  24.1514 2192 121.1089  24.2025 3336
csv: 121.0058  23.1408 2362  177 120.9997  23.1422 2185 120.95728  23.47 3952
csv: 121.5483  24.2714 2397  212 121.5542  24.2628 2185 121.5700  24.2567 2561
csv: 121.1267  23.4567 2317  133 121.1317  23.4564 2184 120.95728  23.47 3952
csv: 121.3858  24.5878 2422  240 121.3817  24.5903 2182 121.3728  24.5939 2440
csv: 121.5100  24.3122 2358  176 121.5053  24.3139 2182 120.95728  23.47 3952
csv: 120.7867  22.6628 2356  177 120.7875  22.6728 2179 120.7869  22.6931 2727
csv: 121.5206  24.3028 2308  129 121.5256  24.2989 2179 121.5700  24.2567 2561
csv: 121.5700  24.2567 2561  384 121.5164  24.3058 2177 120.95728  23.47 3952
csv: 121.4772  24.0511 2378  201 121.4808  24.0625 2177 120.95728  23.47 3952
csv: 121.2614  23.5483 2330  156 121.2611  23.5556 2174 120.95728  23.47 3952
csv: 121.5511  24.1417 2439  265 121.5397  24.1292 2174 121.5219  24.1153 2507
csv: 120.8161  22.8622 2290  119 120.8069  22.8547 2171 120.7817  22.8358 2434
csv: 121.3367  24.6211 2273  103 121.3433  24.6192 2170 121.3592  24.6158 2296
csv: 120.8414  22.8597 2380  212 120.8433  22.8536 2168 120.8333  22.8997 2549
csv: 120.8650  22.8428 2295  127 120.8592  22.8497 2168 120.8333  22.8997 2549
csv: 120.8292  22.9211 2511  345 120.8336  22.9136 2166 120.8333  22.8997 2549
csv: 121.0472  24.2569 2266  104 121.0447  24.2586 2162 121.2319  24.3831 3878
csv: 121.5203  24.4847 2271  111 121.5050  24.4747 2160 120.95728  23.47 3952
csv: 120.9286  22.9919 2333  174 120.9336  22.9942 2159 120.95728  23.47 3952
csv: 120.8247  22.8664 2322  170 120.8292  22.8653 2152 120.8333  22.8997 2549
csv: 120.7817  22.8358 2434  283 120.8208  22.8633 2151 120.8333  22.8997 2549
csv: 121.2642  24.5678 2259  114 121.2667  24.5619 2145 121.2319  24.3831 3878
csv: 121.3592  24.6158 2296  156 121.3633  24.6083 2140 121.3728  24.5939 2440
csv: 121.4886  24.0367 2260  121 121.4900  24.0353 2139 121.4936  24.0294 2315
csv: 121.1736  23.9925 2268  130 121.1808  23.9883 2138 120.95728  23.47 3952
csv: 121.5492  24.2444 2320  183 121.5514  24.2508 2137 120.95728  23.47 3952
csv: 121.1089  24.2025 3336 1206 121.2031  24.2228 2130 120.95728  23.47 3952
csv: 120.8333  22.8997 2549  421 120.8356  22.9481 2128 120.95728  23.47 3952
csv: 120.8147  23.6022 2265  137 120.8019  23.5967 2128 120.7900  23.6011 2283
csv: 120.8914  23.5364 2279  157 120.8961  23.5317 2122 120.95728  23.47 3952
csv: 121.1217  24.5086 2264  145 121.1425  24.5094 2119 121.2319  24.3831 3878
csv: 121.5039  24.3942 2230  113 121.5033  24.3919 2117 120.95728  23.47 3952
csv: 120.7706  23.3953 2396  280 120.7808  23.4006 2116 120.7944  23.4039 2409
csv: 121.5319  24.2433 2245  132 121.5356  24.2433 2113 120.95728  23.47 3952
csv: 120.7606  22.8011 2260  150 120.7567  22.8158 2110 120.7492  22.8258 2422
csv: 120.7650  23.2561 2228  118 120.7669  23.2631 2110 120.7706  23.2717 2276
csv: 121.4275  23.9131 2256  147 121.4192  23.9186 2109 121.4133  23.9194 2276
csv: 120.7881  22.8733 2283  175 120.7928  22.8619 2108 120.95728  23.47 3952
csv: 121.3850  24.5128 2318  216 121.3792  24.5092 2102 121.2319  24.3831 3878
csv: 120.9550  23.0947 2204  103 120.9464  23.0903 2101 120.95728  23.47 3952
csv: 121.1944  24.5611 2228  129 121.1969  24.5522 2099 121.2319  24.3831 3878
csv: 121.0703  24.4967 2610  515 121.1131  24.5061 2095 121.2319  24.3831 3878
csv: 121.1081  24.4783 2474  380 121.1042  24.4894 2094 121.2319  24.3831 3878
csv: 120.7944  23.4039 2409  321 120.8128  23.4156 2088 120.95728  23.47 3952
csv: 121.5081  24.1183 2197  113 121.5111  24.1189 2084 121.5219  24.1153 2507
csv: 121.3258  23.8631 2521  438 121.3181  23.8611 2083 120.95728  23.47 3952
csv: 120.7869  22.6931 2727  647 120.7817  22.6547 2080 120.7614  22.6269 3077
csv: 121.1719  24.0808 2221  141 121.1753  24.0922 2080 120.95728  23.47 3952
csv: 121.4133  23.9194 2276  200 121.4350  23.9128 2076 121.4436  23.9142 2426
csv: 121.6153  24.2736 2647  577 121.5978  24.2653 2070 120.95728  23.47 3952
csv: 120.9550  24.2408 2178  109 120.9583  24.2408 2069 120.9733  24.2353 2320
csv: 120.9022  22.7403 2203  136 120.8997  22.7317 2067 120.8806  22.7256 2226
csv: 121.6422  24.2972 2273  208 121.6403  24.2825 2065 120.95728  23.47 3952
csv: 120.9011  22.8869 2219  156 120.8892  22.8928 2063 120.95728  23.47 3952
csv: 120.9008  22.8042 2398  335 120.8711  22.8158 2063 120.95728  23.47 3952
csv: 121.2178  24.5950 2189  126 121.2033  24.5858 2063 121.1986  24.5819 2204
csv: 121.5219  24.1153 2507  449 121.5003  24.1225 2058 120.95728  23.47 3952
csv: 121.4936  24.0294 2315  264 121.4842  24.0408 2051 120.95728  23.47 3952
csv: 120.8250  23.6136 2190  140 120.8219  23.6100 2050 120.7900  23.6011 2283
csv: 120.7661  23.3781 2271  227 120.7678  23.3828 2044 120.95728  23.47 3952
csv: 121.1986  24.5819 2204  161 121.1967  24.5719 2043 121.2319  24.3831 3878
csv: 120.8958  22.9011 2192  156 120.8925  22.8967 2036 120.95728  23.47 3952
csv: 121.5847  24.5150 2160  124 121.5728  24.5208 2036 121.5639  24.5092 2349
csv: 121.2900  24.5783 2175  144 121.2858  24.5722 2031 121.2319  24.3831 3878
csv: 121.4436  23.9142 2426  396 121.4053  23.9189 2030 120.95728  23.47 3952
csv: 120.7900  23.6011 2283  254 120.8183  23.5956 2029 120.95728  23.47 3952
csv: 121.4397  23.8867 2163  138 121.4458  23.8983 2025 120.95728  23.47 3952
csv: 121.5583  24.2231 2153  131 121.5514  24.2339 2022 120.95728  23.47 3952
csv: 121.5036  24.3989 2124  105 121.5031  24.3967 2019 120.95728  23.47 3952
csv: 120.8147  23.0083 2131  114 120.8131  23.0050 2017 120.95728  23.47 3952
csv: 120.8806  22.7256 2226  212 120.8942  22.7522 2014 120.95728  23.47 3952
csv: 120.7706  23.2717 2276  263 120.7750  23.2811 2013 120.7828  23.2958 2475
csv: 121.6514  24.2350 2404  395 121.6483  24.2456 2009 120.95728  23.47 3952
csv: 121.5906  24.2094 2602  594 121.5831  24.2317 2008 120.95728  23.47 3952
csv: 120.7481  22.5383 2149  144 120.7450  22.5414 2005 120.7614  22.6269 3077
csv: 120.9733  24.2353 2320  320 120.9750  24.2450 2000 121.2319  24.3831 3878
csv: 121.0789  24.4406 2139  140 121.0831  24.4528 1999 121.2319  24.3831 3878
csv: 120.7536  23.2361 2101  102 120.7556  23.2294 1999 120.7533  23.2283 2138
csv: 121.3400  24.5867 2103  106 121.3469  24.5872 1997 121.3728  24.5939 2440
csv: 121.5478  24.4964 2175  183 121.5533  24.5056 1992 121.5639  24.5092 2349
csv: 121.3867  24.1478 2092  105 121.3828  24.1486 1987 120.95728  23.47 3952
csv: 120.7553  22.8642 2090  104 120.7600  22.8592 1986 120.95728  23.47 3952
csv: 121.0456  23.0436 2275  290 121.0314  23.0503 1985 120.95728  23.47 3952
csv: 120.7631  23.6153 2100  116 120.7747  23.6050 1984 120.95728  23.47 3952
csv: 121.4631  24.0347 2119  137 121.4689  24.0364 1982 120.95728  23.47 3952
csv: 121.3689  23.9633 2101  121 121.3664  23.9650 1980 120.95728  23.47 3952
csv: 121.3481  23.8000 2141  161 121.3492  23.8064 1980 120.95728  23.47 3952
csv: 120.7533  23.2283 2138  158 120.7589  23.2419 1980 120.7828  23.2958 2475
csv: 120.8144  23.6353 2118  143 120.8161  23.6264 1975 120.95728  23.47 3952
csv: 120.9867  23.7089 2081  107 120.9836  23.7089 1974 120.95728  23.47 3952
csv: 121.4161  24.6022 2073  101 121.4125  24.6006 1972 121.3728  24.5939 2440
csv: 121.0408  24.4656 2159  190 121.0333  24.4564 1969 121.0244  24.4464 2236
csv: 121.0244  24.4464 2236  269 121.0453  24.4731 1967 121.2319  24.3831 3878
csv: 120.9861  23.6708 2082  116 120.9772  23.6711 1966 120.95728  23.47 3952
csv: 121.0672  23.7714 2073  110 121.0736  23.7692 1963 120.95728  23.47 3952
csv: 120.9783  23.2083 2179  216 120.9664  23.2292 1963 120.95728  23.47 3952
csv: 121.5050  24.0672 2064  105 121.4983  24.0697 1959 120.95728  23.47 3952
csv: 121.2319  24.3831 3878 1928 121.3564  24.3964 1950 120.95728  23.47 3952
csv: 121.3106  23.6214 2121  173 121.3047  23.6269 1948 120.95728  23.47 3952
csv: 121.0558  24.3950 2148  205 121.0564  24.3872 1943 120.95728  23.47 3952
csv: 121.0636  24.0731 2104  163 121.0647  24.0603 1941 121.0503  24.0453 2417
csv: 121.3908  24.5572 2079  139 121.3969  24.5511 1940 121.3886  24.5414 2347
csv: 120.8994  22.9867 2043  104 120.9075  22.9906 1939 120.95728  23.47 3952
csv: 120.7533  22.5108 2067  132 120.7528  22.5181 1935 120.7614  22.6269 3077
csv: 120.9717  23.8308 2045  121 120.9733  23.8344 1924 120.9722  23.8394 2121
csv: 121.0739  23.8117 2024  101 121.0775  23.8128 1923 120.95728  23.47 3952
csv: 120.7492  22.8258 2422  512 120.7619  22.8294 1910 120.95728  23.47 3952
csv: 121.5639  24.5092 2349  440 121.5356  24.4967 1909 120.95728  23.47 3952
csv: 121.3342  23.7161 2015  108 121.3281  23.7192 1907 121.3192  23.7142 2142
csv: 120.9667  22.8044 2088  187 120.9619  22.8028 1901 120.9533  22.7950 2124
csv: 120.9533  22.7950 2124  229 120.9439  22.7956 1895 120.95728  23.47 3952
csv: 120.7733  23.4961 2009  114 120.7806  23.5056 1895 120.95728  23.47 3952
csv: 121.0039  24.3517 1990  102 121.0053  24.3456 1888 120.95728  23.47 3952
csv: 121.5239  24.4597 2020  135 121.5158  24.4556 1885 120.95728  23.47 3952
csv: 121.4578  23.9156 2014  133 121.4558  23.9136 1881 120.95728  23.47 3952
csv: 121.6161  24.5103 2045  167 121.6111  24.5131 1878 120.95728  23.47 3952
csv: 120.7439  23.2081 2062  184 120.7453  23.2136 1878 120.7828  23.2958 2475
csv: 120.9406  24.2289 2017  152 120.9439  24.2306 1865 120.95728  23.47 3952
csv: 121.1156  24.0603 2010  145 121.1197  24.0672 1865 121.1269  24.0761 2080
csv: 121.0261  24.4983 1993  130 121.0236  24.5014 1863 121.0122  24.5106 2202
csv: 121.5414  24.4625 2022  160 121.5314  24.4600 1862 120.95728  23.47 3952
csv: 121.3922  23.7886 1975  120 121.3839  23.7800 1855 121.3817  23.7772 2001
csv: 121.0703  23.0669 2196  341 121.0531  23.0706 1855 120.95728  23.47 3952
csv: 121.4106  24.5433 1955  105 121.4061  24.5431 1850 121.3886  24.5414 2347
csv: 121.0239  24.0292 2012  162 121.0358  24.0322 1850 121.0503  24.0453 2417
csv: 121.0122  24.5106 2202  353 121.0308  24.4922 1849 120.95728  23.47 3952
csv: 121.3817  23.7772 2001  158 121.3878  23.7692 1843 121.3886  23.7614 2026
csv: 120.8192  22.6908 2059  223 120.8106  22.6906 1836 120.7614  22.6269 3077
csv: 121.5714  24.3581 1979  144 121.5856  24.3561 1835 121.5925  24.3522 2045
csv: 120.7828  23.2958 2475  648 120.8042  23.3208 1827 120.95728  23.47 3952
csv: 120.8556  22.7756 1984  160 120.8656  22.7703 1824 120.95728  23.47 3952
csv: 121.5025  24.6811 1923  100 121.4919  24.6731 1823 121.4797  24.6736 2096
csv: 121.5483  24.0922 1921  108 121.5436  24.0972 1813 120.95728  23.47 3952
csv: 121.5211  24.3897 2011  220 121.5178  24.3906 1791 120.95728  23.47 3952
csv: 121.3886  24.5414 2347  558 121.3967  24.5247 1789 120.95728  23.47 3952
csv: 120.7300  23.4806 1961  173 120.7294  23.4864 1788 120.7200  23.4978 1973
csv: 121.3381  23.6456 1953  167 121.3253  23.6378 1786 120.95728  23.47 3952
csv: 121.2058  23.3011 2034  250 121.1856  23.2992 1784 120.95728  23.47 3952
csv: 121.6442  24.5031 1965  183 121.6325  24.5053 1782 120.95728  23.47 3952
csv: 121.0272  23.2081 1888  107 121.0203  23.2136 1781 120.95728  23.47 3952
csv: 120.7392  22.7208 2061  282 120.7475  22.7183 1779 120.7614  22.6269 3077
csv: 121.6544  24.5094 1911  136 121.6506  24.5056 1775 120.95728  23.47 3952
csv: 121.0653  23.0397 1904  131 121.0614  23.0417 1773 120.95728  23.47 3952
csv: 120.7214  22.6233 1888  116 120.7314  22.6178 1772 120.7614  22.6269 3077
csv: 120.8558  22.7167 1953  185 120.8669  22.7167 1768 120.95728  23.47 3952
csv: 120.8381  22.6969 1897  130 120.8331  22.6967 1767 120.7614  22.6269 3077
csv: 121.0350  24.5125 1989  224 121.0417  24.5089 1765 120.95728  23.47 3952
csv: 121.5308  24.0483 2028  265 121.5119  24.0319 1763 120.95728  23.47 3952
csv: 121.2942  23.5392 1885  125 121.2919  23.5450 1760 121.2928  23.5494 1927
csv: 121.4975  23.9983 1977  217 121.4950  24.0039 1760 120.95728  23.47 3952
csv: 121.3192  23.7142 2142  385 121.3111  23.7217 1757 120.95728  23.47 3952
csv: 120.9928  23.8406 1865  111 120.9931  23.8494 1754 120.9950  23.8586 2013
csv: 121.4122  24.7606 1898  145 121.4189  24.7611 1753 121.4231  24.7617 1899
csv: 120.9694  22.7708 1935  183 120.9656  22.7769 1752 120.95728  23.47 3952
csv: 121.0225  24.0444 1872  122 121.0236  24.0392 1750 121.0503  24.0453 2417
csv: 121.5564  24.1936 1881  140 121.5586  24.1936 1741 120.95728  23.47 3952
csv: 120.7978  22.5525 2058  318 120.7853  22.5617 1740 120.7614  22.6269 3077
csv: 121.0022  24.4083 1875  139 121.0036  24.4125 1736 120.95728  23.47 3952
csv: 121.4342  24.7303 2029  295 121.4419  24.7222 1734 121.4497  24.7050 2131
csv: 121.1711  24.5656 1916  183 121.1783  24.5617 1733 120.95728  23.47 3952
csv: 121.2414  23.3836 2176  447 121.2297  23.4083 1729 120.95728  23.47 3952
csv: 120.9611  24.2664 1831  106 120.9722  24.2606 1725 120.95728  23.47 3952
csv: 121.4742  24.6964 1876  151 121.4753  24.6928 1725 121.4797  24.6736 2096
csv: 120.7731  23.0850 1858  137 120.7794  23.0903 1721 120.95728  23.47 3952
csv: 121.4486  24.6594 1838  118 121.4547  24.6667 1720 121.4797  24.6736 2096
csv: 120.7767  23.6581 1830  114 120.7831  23.6553 1716 120.95728  23.47 3952
csv: 121.0936  24.0467 1873  161 121.1108  24.0522 1712 121.1269  24.0761 2080
csv: 121.1522  24.5647 1824  116 121.1642  24.5639 1708 120.95728  23.47 3952
csv: 120.8528  23.5794 1856  150 120.8433  23.5750 1706 120.95728  23.47 3952
csv: 121.0019  24.4444 1840  140 121.0069  24.4478 1700 120.95728  23.47 3952
csv: 120.8208  23.0436 1881  182 120.8286  23.0439 1699 120.95728  23.47 3952
csv: 121.1203  24.2494 1833  136 121.1136  24.2539 1697 120.95728  23.47 3952
csv: 120.8486  23.5953 1831  136 120.8439  23.5958 1695 120.95728  23.47 3952
csv: 120.7214  22.5472 1855  164 120.7264  22.5514 1691 120.7614  22.6269 3077
csv: 121.5406  24.3806 1879  196 121.5375  24.3806 1683 120.95728  23.47 3952
csv: 120.7614  22.6269 3077 1397 120.8456  22.7136 1680 120.95728  23.47 3952
csv: 121.3728  24.5939 2440  760 121.4125  24.5758 1680 120.95728  23.47 3952
csv: 121.0444  22.9547 2102  428 121.0311  22.9667 1674 120.95728  23.47 3952
csv: 120.7658  22.9117 1855  181 120.7692  22.9058 1674 120.95728  23.47 3952
csv: 120.9950  23.8586 2013  339 120.9897  23.8389 1674 120.9722  23.8394 2121
csv: 121.1353  24.5675 1795  126 121.1439  24.5667 1669 120.95728  23.47 3952
csv: 120.7500  23.6139 1794  128 120.7550  23.6147 1666 120.95728  23.47 3952
csv: 120.9283  23.5169 1827  162 120.9253  23.5144 1665 120.95728  23.47 3952
csv: 121.5958  24.4597 1842  178 121.5950  24.4653 1664 120.95728  23.47 3952
csv: 121.1269  24.0761 2080  417 121.0853  24.0483 1663 121.0503  24.0453 2417
csv: 121.2928  23.5494 1927  266 121.2844  23.5475 1661 120.95728  23.47 3952
csv: 121.4797  24.6736 2096  435 121.4667  24.6981 1661 121.4497  24.7050 2131
csv: 121.1036  23.0375 1824  163 121.0931  23.0222 1661 121.0872  23.0208 1884
csv: 120.8839  22.6800 1839  180 120.8892  22.6953 1659 120.95728  23.47 3952
csv: 120.9903  22.8333 1860  202 120.9872  22.8275 1658 120.95728  23.47 3952
csv: 120.8569  22.7514 1804  151 120.8611  22.7483 1653 120.95728  23.47 3952
csv: 121.0611  22.9522 1748  100 121.0558  22.9550 1648 120.95728  23.47 3952
csv: 121.6764  24.5069 1828  180 121.6647  24.5072 1648 120.95728  23.47 3952
csv: 121.1850  23.5308 1771  125 121.1886  23.5333 1646 120.95728  23.47 3952
csv: 121.2589  24.6483 1770  126 121.2517  24.6453 1644 120.95728  23.47 3952
csv: 120.7086  23.5106 1847  204 120.7128  23.5014 1643 120.7200  23.4978 1973
csv: 121.0358  22.9308 1790  148 121.0403  22.9383 1642 120.95728  23.47 3952
csv: 121.0503  24.0453 2417  778 121.1544  24.0847 1639 120.95728  23.47 3952
csv: 121.4025  24.7228 1853  220 121.4164  24.7219 1633 121.4497  24.7050 2131
csv: 121.0867  23.1783 1757  124 121.0897  23.1808 1633 120.95728  23.47 3952
csv: 120.6969  23.5217 1762  137 120.6931  23.5183 1625 120.6919  23.5117 1816
csv: 121.3867  23.8842 2003  379 121.3869  23.8947 1624 120.95728  23.47 3952
csv: 121.5683  24.4356 1868  248 121.5636  24.4406 1620 120.95728  23.47 3952
csv: 121.2764  24.3031 1742  122 121.2839  24.3047 1620 120.95728  23.47 3952
csv: 120.6919  23.5117 1816  200 120.6958  23.5108 1616 120.7200  23.4978 1973
csv: 120.7094  22.9914 1709  108 120.7139  22.9956 1601 120.7225  23.0081 1890
csv: 121.3578  23.7956 1698  102 121.3544  23.7975 1596 120.95728  23.47 3952
csv: 120.9803  24.4339 1725  130 120.9872  24.4383 1595 120.95728  23.47 3952
csv: 120.9892  24.1186 1794  200 120.9925  24.1214 1594 120.95728  23.47 3952
csv: 121.4136  23.9772 1716  122 121.4094  23.9736 1594 120.95728  23.47 3952
csv: 121.0061  23.6364 1721  127 121.0019  23.6383 1594 120.95728  23.47 3952
csv: 121.3228  23.5614 1743  150 121.3131  23.5617 1593 120.95728  23.47 3952
csv: 120.7950  22.4942 1924  331 120.7686  22.5028 1593 120.95728  23.47 3952
csv: 120.8067  23.6828 1744  155 120.8083  23.6778 1589 120.95728  23.47 3952
csv: 121.0789  23.0358 1784  201 121.0722  23.0394 1583 120.95728  23.47 3952
csv: 120.7853  22.5167 1986  413 120.7694  22.5092 1573 120.95728  23.47 3952
csv: 120.7561  23.5531 1717  146 120.7603  23.5525 1571 120.95728  23.47 3952
csv: 121.1297  23.8036 1698  129 121.1367  23.7986 1569 120.95728  23.47 3952
csv: 120.9986  23.2025 1690  123 120.9950  23.2064 1567 120.95728  23.47 3952
csv: 121.4042  24.0200 1679  113 121.3964  24.0275 1566 120.95728  23.47 3952
csv: 121.1739  23.6892 1754  191 121.1775  23.6911 1563 120.95728  23.47 3952
csv: 121.4231  24.7617 1899  336 121.4303  24.7447 1563 121.4497  24.7050 2131
csv: 121.0872  23.0208 1884  326 121.0758  23.0297 1558 120.95728  23.47 3952
csv: 121.6414  24.4828 1679  121 121.6389  24.4872 1558 120.95728  23.47 3952
csv: 121.0722  23.8975 1756  202 121.0822  23.9003 1554 120.95728  23.47 3952
csv: 121.3142  23.7514 1686  133 121.3139  23.7469 1553 120.95728  23.47 3952
csv: 120.6878  23.1669 1665  114 120.6958  23.1708 1551 120.6989  23.1667 1673
csv: 120.7117  23.6281 1648  104 120.7144  23.6236 1544 120.7125  23.6200 1658
csv: 120.8217  22.7406 1749  207 120.8353  22.7308 1542 120.95728  23.47 3952
csv: 121.4714  24.6244 1707  166 121.4494  24.5978 1541 120.95728  23.47 3952
csv: 120.9653  24.1975 1667  131 120.9672  24.2011 1536 120.95728  23.47 3952
csv: 120.8986  23.7247 1655  125 120.9044  23.7136 1530 120.95728  23.47 3952
csv: 120.7200  23.4978 1973  444 120.7550  23.4925 1529 120.95728  23.47 3952
csv: 121.1264  24.0436 1629  100 121.1256  24.0478 1529 120.95728  23.47 3952
csv: 120.7042  22.6275 1701  174 120.7147  22.6244 1527 120.95728  23.47 3952
csv: 121.7133  24.3894 1638  114 121.7089  24.3900 1524 121.6911  24.3908 1854
csv: 120.7103  23.1786 1621  103 120.7044  23.1753 1518 120.6989  23.1667 1673
csv: 121.0625  24.5572 1638  122 121.0689  24.5519 1516 120.95728  23.47 3952
csv: 120.7311  23.6111 1778  263 120.7392  23.6103 1515 120.95728  23.47 3952
csv: 120.7211  22.8817 1670  157 120.7344  22.8750 1513 120.95728  23.47 3952
csv: 120.8575  23.6061 1666  154 120.8525  23.6036 1512 120.95728  23.47 3952
csv: 121.3139  24.7250 1652  146 121.3017  24.7281 1506 121.2983  24.7308 1753
csv: 120.8358  22.7678 1603  100 120.8403  22.7683 1503 120.95728  23.47 3952
csv: 121.0133  23.6131 1686  183 121.0194  23.6097 1503 120.95728  23.47 3952
csv: 121.4456  24.7817 1689  186 121.4489  24.7864 1503 121.4525  24.7919 1722
csv: 121.5925  24.3522 2045  544 121.5561  24.3639 1501 120.95728  23.47 3952
csv: 121.3206  24.7258 1600  100 121.3156  24.7272 1500 121.2983  24.7308 1753
csv: 120.6989  23.1667 1673  173 120.7133  23.1811 1500 120.95728  23.47 3952
csv: 121.4525  24.7919 1722  226 121.4400  24.7781 1496 121.4497  24.7050 2131
csv: 120.6808  23.1847 1654  158 120.6836  23.1786 1496 120.95728  23.47 3952
csv: 120.7158  23.4156 1680  190 120.7317  23.4211 1490 120.95728  23.47 3952
csv: 121.0228  24.0617 1705  216 121.0200  24.0547 1489 120.95728  23.47 3952
csv: 121.3886  23.7614 2026  538 121.3669  23.7928 1488 120.95728  23.47 3952
csv: 121.1261  23.0692 1620  136 121.1197  23.0628 1484 120.95728  23.47 3952
csv: 120.9581  24.1856 1687  204 120.9639  24.1894 1483 120.95728  23.47 3952
csv: 121.4700  23.9258 1607  130 121.4681  23.9150 1477 120.95728  23.47 3952
csv: 121.2183  23.2439 1624  148 121.2106  23.2403 1476 120.95728  23.47 3952
csv: 121.0192  23.8919 1577  103 121.0200  23.8958 1474 121.0225  23.9003 1600
csv: 121.0100  23.8706 1807  334 121.0044  23.8631 1473 120.9722  23.8394 2121
csv: 121.0492  23.9492 1570  104 121.0506  23.9561 1466 121.0533  23.9694 1671
csv: 120.7586  22.4886 1555  107 120.7622  22.4894 1448 120.95728  23.47 3952
csv: 120.6928  22.6550 1549  102 120.6947  22.6514 1447 120.95728  23.47 3952
csv: 120.6819  23.1478 1601  156 120.6850  23.1583 1445 120.95728  23.47 3952
csv: 121.6872  24.2947 1550  108 121.6808  24.2958 1442 120.95728  23.47 3952
csv: 120.7775  23.0139 1558  119 120.7806  23.0097 1439 120.95728  23.47 3952
csv: 121.2303  23.5222 1669  233 121.2344  23.5211 1436 120.95728  23.47 3952
csv: 121.5167  24.4214 1535  100 121.5122  24.4219 1435 120.95728  23.47 3952
csv: 121.0131  22.8333 1545  112 121.0172  22.8367 1433 121.0228  22.8414 1561
csv: 121.0725  23.1325 1552  119 121.0683  23.1331 1433 120.95728  23.47 3952
csv: 121.3039  24.6931 1911  480 121.2792  24.6664 1431 120.95728  23.47 3952
csv: 121.0303  23.9411 1579  151 121.0403  23.9431 1428 121.0533  23.9694 1671
csv: 120.7625  23.6778 1538  114 120.7642  23.6753 1424 120.95728  23.47 3952
csv: 120.7097  23.3844 1564  140 120.7167  23.3864 1424 120.95728  23.47 3952
csv: 121.6736  24.3789 1538  115 121.6775  24.3806 1423 121.6911  24.3908 1854
csv: 121.1006  23.9892 1533  112 121.0911  23.9853 1421 121.0533  23.9694 1671
csv: 121.4708  24.8086 1563  142 121.4731  24.8128 1421 121.4839  24.8181 1578
csv: 121.1814  24.0331 1524  110 121.1853  24.0347 1414 120.95728  23.47 3952
csv: 120.7125  23.6200 1658  245 120.7264  23.6214 1413 120.95728  23.47 3952
csv: 121.0831  24.5900 1524  112 121.0794  24.5864 1412 121.0753  24.5806 1543
csv: 121.0753  24.5806 1543  135 121.0722  24.5686 1408 120.95728  23.47 3952
csv: 121.7153  24.3639 1739  332 121.7189  24.3819 1407 121.6911  24.3908 1854
csv: 120.7517  22.3919 1571  169 120.7578  22.3975 1402 120.7514  22.4075 1687
csv: 121.0033  23.8861 1514  115 121.0075  23.8903 1399 121.0225  23.9003 1600
csv: 120.8208  22.6294 1572  173 120.8244  22.6353 1399 120.95728  23.47 3952
csv: 121.0225  23.9003 1600  204 121.0028  23.8772 1396 120.9722  23.8394 2121
csv: 120.7850  22.4289 1651  257 120.7781  22.4089 1394 120.7514  22.4075 1687
csv: 121.4839  24.8181 1578  190 121.4603  24.8025 1388 121.4497  24.7050 2131
csv: 120.9417  22.7450 1481  101 120.9344  22.7450 1380 120.95728  23.47 3952
csv: 121.0756  24.6100 1580  200 121.0825  24.5956 1380 120.95728  23.47 3952
csv: 121.2983  24.7308 1753  374 121.3081  24.7189 1379 120.95728  23.47 3952
csv: 120.9314  24.1511 1507  130 120.9392  24.1472 1377 120.9461  24.1400 1533
csv: 121.6461  24.5594 1480  105 121.6439  24.5586 1375 120.95728  23.47 3952
csv: 121.7233  24.4911 1689  314 121.7019  24.4908 1375 120.95728  23.47 3952
csv: 120.7511  22.4789 1588  217 120.7578  22.4814 1371 120.95728  23.47 3952
csv: 121.6669  24.4089 1618  247 121.6747  24.4044 1371 121.6911  24.3908 1854
csv: 120.7439  23.0344 1683  313 120.7328  23.0247 1370 120.7225  23.0081 1890
csv: 121.3217  23.1178 1539  170 121.3222  23.1253 1369 121.3219  23.1397 1676
csv: 120.7758  22.9442 1471  103 120.7794  22.9417 1368 120.95728  23.47 3952
csv: 120.8611  22.6347 1533  167 120.8589  22.6394 1366 120.8544  22.6431 1566
csv: 120.6892  22.4925 1510  145 120.6983  22.4922 1365 120.7042  22.5022 1643
csv: 121.0228  22.8414 1561  199 121.0092  22.8347 1362 120.95728  23.47 3952
csv: 120.7767  22.4497 1508  146 120.7811  22.4358 1362 120.7514  22.4075 1687
csv: 121.1164  23.9878 1556  197 121.1081  23.9878 1359 121.0533  23.9694 1671
csv: 120.7042  22.5022 1643  286 120.7294  22.5097 1357 120.95728  23.47 3952
csv: 120.7225  23.0081 1890  535 120.7528  23.0522 1355 120.95728  23.47 3952
csv: 121.0311  23.7917 1464  115 121.0378  23.7897 1349 120.95728  23.47 3952
csv: 121.5778  24.5725 1458  110 121.5764  24.5653 1348 120.95728  23.47 3952
csv: 120.8750  22.6356 1463  116 120.8719  22.6356 1347 120.8544  22.6431 1566
csv: 120.9019  22.9417 1530  186 120.8939  22.9481 1344 120.95728  23.47 3952
csv: 121.1206  23.2619 1462  118 121.1200  23.2644 1344 120.95728  23.47 3952
csv: 120.7161  23.0511 1527  192 120.7211  23.0547 1335 120.95728  23.47 3952
csv: 121.6036  24.1325 1444  113 121.5989  24.1308 1331 120.95728  23.47 3952
csv: 121.5461  24.7078 1544  221 121.5375  24.6922 1323 121.4497  24.7050 2131
csv: 120.9219  24.1567 1520  200 120.9242  24.1531 1320 120.9461  24.1400 1533
csv: 120.6497  23.5186 1442  122 120.6514  23.5169 1320 120.6539  23.5081 1461
csv: 121.1203  24.0267 1421  103 121.1172  24.0325 1318 120.95728  23.47 3952
csv: 121.0356  22.8972 1451  136 121.0369  22.9103 1315 120.95728  23.47 3952
csv: 121.0250  23.9214 1437  125 121.0239  23.9153 1312 120.9722  23.8394 2121
csv: 120.9553  24.1250 1483  173 120.9486  24.1336 1310 120.9461  24.1400 1533
csv: 120.7003  23.3608 1460  156 120.7150  23.3553 1304 120.95728  23.47 3952
csv: 121.0533  23.9694 1671  368 121.0286  23.9272 1303 120.9722  23.8394 2121
csv: 120.9422  22.8369 1488  189 120.9417  22.8297 1299 120.95728  23.47 3952
csv: 120.7042  23.0403 1406  109 120.7083  23.0417 1297 120.95728  23.47 3952
csv: 121.1381  23.0911 1556  261 121.1306  23.0831 1295 120.95728  23.47 3952
csv: 121.5408  24.7972 1415  125 121.5597  24.7950 1290 121.5675  24.7972 1458
csv: 121.3231  23.1789 1414  124 121.3331  23.1783 1290 121.3392  23.1919 1585
csv: 121.5233  24.7317 1490  202 121.5233  24.7197 1288 121.4497  24.7050 2131
csv: 120.6678  23.5069 1433  147 120.6736  23.5044 1286 120.95728  23.47 3952
csv: 120.7436  22.4528 1629  343 120.7617  22.4561 1286 120.7514  22.4075 1687
csv: 121.4867  24.8342 1411  128 121.4806  24.8247 1283 121.4497  24.7050 2131
csv: 120.6531  23.4256 1450  169 120.6572  23.4283 1281 120.6578  23.4369 1465
csv: 120.7433  22.3669 1467  201 120.7489  22.3739 1266 120.7514  22.4075 1687
csv: 121.3392  23.1919 1585  325 121.3239  23.1750 1260 121.3219  23.1397 1676
csv: 121.2881  23.4883 1400  142 121.2886  23.4939 1258 120.95728  23.47 3952
csv: 120.6742  23.4503 1430  178 120.6664  23.4392 1252 120.6578  23.4369 1465
csv: 120.7097  23.3072 1590  348 120.7147  23.3167 1242 120.95728  23.47 3952
csv: 120.6642  23.5017 1349  109 120.6669  23.5028 1240 120.95728  23.47 3952
csv: 120.7803  23.1153 1340  101 120.7856  23.1150 1239 120.95728  23.47 3952
csv: 120.9478  22.7039 1667  435 120.9247  22.7039 1232 120.95728  23.47 3952
csv: 120.8544  22.6431 1566  342 120.8408  22.6458 1224 120.95728  23.47 3952
csv: 120.7514  22.4075 1687  469 120.7553  22.4692 1218 120.95728  23.47 3952
csv: 121.1531  24.0247 1336  118 121.1569  24.0275 1218 120.95728  23.47 3952
csv: 120.9461  24.1400 1533  322 120.9603  24.1208 1211 120.95728  23.47 3952
csv: 121.1308  23.1553 1325  115 121.1350  23.1567 1210 120.95728  23.47 3952
csv: 120.7925  22.4728 1384  178 120.7892  22.4767 1206 120.95728  23.47 3952
csv: 120.9564  24.3992 1449  244 120.9764  24.4053 1205 120.95728  23.47 3952
csv: 120.9517  22.6439 1333  129 120.9472  22.6375 1204 120.9414  22.6319 1393
csv: 121.2589  24.7022 1312  111 121.2633  24.6981 1201 120.95728  23.47 3952
csv: 120.6647  23.1183 1326  126 120.6700  23.1236 1200 120.95728  23.47 3952
csv: 120.6428  23.4914 1344  145 120.6467  23.4942 1199 120.6539  23.5081 1461
csv: 121.5917  24.7872 1450  253 121.5786  24.7939 1197 121.5675  24.7972 1458
csv: 121.6567  24.4503 1382  188 121.6506  24.4506 1194 120.95728  23.47 3952
csv: 120.6375  23.4872 1299  107 120.6389  23.4897 1192 120.6539  23.5081 1461
csv: 121.3469  23.2092 1414  222 121.3436  23.2033 1192 121.3219  23.1397 1676
csv: 120.7128  22.3358 1322  131 120.7131  22.3492 1191 120.95728  23.47 3952
csv: 120.7217  22.8544 1296  107 120.7253  22.8517 1189 120.95728  23.47 3952
csv: 121.0981  23.1272 1357  168 121.0881  23.1289 1189 120.95728  23.47 3952
csv: 120.6578  23.4369 1465  279 120.6836  23.4558 1186 120.95728  23.47 3952
csv: 120.9456  24.3781 1304  120 120.9458  24.3881 1184 120.95728  23.47 3952
csv: 120.6906  22.9550 1406  226 120.6961  22.9603 1180 120.95728  23.47 3952
csv: 121.0258  24.5625 1279  100 121.0256  24.5611 1179 120.95728  23.47 3952
csv: 120.6539  23.5081 1461  283 120.6600  23.5039 1178 120.95728  23.47 3952
csv: 121.7794  24.5547 1282  105 121.7783  24.5522 1177 121.7833  24.5444 1369
csv: 120.7478  23.1194 1383  206 120.7550  23.1247 1177 120.95728  23.47 3952
csv: 120.6911  22.8653 1347  172 120.6831  22.8633 1175 120.6764  22.8569 1422
csv: 120.9986  24.0533 1297  129 120.9997  24.0494 1168 120.95728  23.47 3952
csv: 121.5903  24.4236 1423  257 121.5861  24.4219 1166 120.95728  23.47 3952
csv: 121.4269  23.3664 1325  164 121.4244  23.3636 1161 121.4222  23.3575 1331
csv: 120.6722  23.4269 1267  106 120.6686  23.4300 1161 120.95728  23.47 3952
csv: 121.7833  24.5444 1369  211 121.7714  24.5461 1158 121.7608  24.5375 1471
csv: 121.4497  24.7050 2131  974 121.4700  24.6528 1157 120.95728  23.47 3952
csv: 121.6911  24.3908 1854  710 121.6597  24.4225 1144 120.95728  23.47 3952
csv: 120.6158  23.5733 1255  112 120.6167  23.5769 1143 120.6233  23.5900 1299
csv: 120.9722  23.8394 2121  980 121.1308  24.0189 1141 120.95728  23.47 3952
csv: 121.7197  24.2683 1399  261 121.7058  24.2869 1138 120.95728  23.47 3952
csv: 120.6222  23.4019 1247  110 120.6108  23.3983 1137 120.6050  23.3956 1274
csv: 121.7569  24.3758 1245  111 121.7478  24.3861 1134 120.95728  23.47 3952
csv: 121.4989  24.2147 1288  158 121.4908  24.2161 1130 120.95728  23.47 3952
csv: 120.7331  22.9675 1328  201 120.7292  22.9758 1127 120.95728  23.47 3952
csv: 121.1183  23.9528 1333  215 121.1236  23.9564 1118 120.95728  23.47 3952
csv: 120.7231  22.7836 1219  101 120.7264  22.7842 1118 120.95728  23.47 3952
csv: 121.0197  23.6969 1230  115 121.0208  23.6947 1115 120.95728  23.47 3952
csv: 120.6778  23.5458 1246  131 120.6831  23.5433 1115 120.95728  23.47 3952
csv: 121.3533  23.2200 1231  121 121.3511  23.2197 1110 121.3219  23.1397 1676
csv: 120.9139  24.3672 1398  289 120.9367  24.3772 1109 120.95728  23.47 3952
csv: 120.5336  23.3217 1209  100 120.5294  23.3164 1109 120.5233  23.3122 1237
csv: 120.8264  23.7647 1293  189 120.8303  23.7483 1104 120.8172  23.7394 1387
csv: 121.6422  24.1783 1272  171 121.6478  24.1889 1101 120.95728  23.47 3952
csv: 120.7306  22.9308 1211  115 120.7372  22.9253 1096 120.95728  23.47 3952
csv: 121.7903  24.5264 1217  121 121.7844  24.5378 1096 121.7608  24.5375 1471
csv: 121.0333  23.1797 1262  173 121.0297  23.1847 1089 120.95728  23.47 3952
csv: 120.9267  24.2783 1252  164 120.9322  24.2750 1088 120.95728  23.47 3952
csv: 121.7903  24.5092 1191  104 121.7914  24.5153 1087 121.7608  24.5375 1471
csv: 120.8981  24.2069 1195  113 120.8925  24.2047 1082 120.8864  24.2042 1197
csv: 120.5936  23.3683 1201  123 120.5983  23.3811 1078 120.6050  23.3956 1274
csv: 120.6686  23.3992 1194  121 120.6647  23.4033 1073 120.95728  23.47 3952
csv: 120.9625  22.7369 1177  105 120.9697  22.7419 1072 120.95728  23.47 3952
csv: 120.6817  23.5564 1315  245 120.6867  23.5478 1070 120.95728  23.47 3952
csv: 120.9072  24.3458 1184  125 120.9097  24.3564 1059 120.95728  23.47 3952
csv: 120.8417  23.9347 1165  106 120.8422  23.9319 1059 120.8533  23.8828 1261
csv: 121.4058  23.3389 1234  175 121.4092  23.3456 1059 121.4222  23.3575 1331
csv: 120.9739  22.7156 1186  129 120.9800  22.7186 1057 121.0036  22.7264 1220
csv: 120.6478  23.3944 1154  103 120.6506  23.4067 1051 120.95728  23.47 3952
csv: 120.6764  22.8569 1422  372 120.6981  22.8728 1050 120.95728  23.47 3952
csv: 120.7217  23.6794 1199  150 120.7336  23.6783 1049 120.95728  23.47 3952
csv: 120.6850  23.5919 1204  156 120.6942  23.6014 1048 120.95728  23.47 3952
csv: 120.8150  23.7728 1168  121 120.8192  23.7706 1047 120.8172  23.7394 1387
csv: 120.8533  23.8828 1261  220 120.8483  23.8650 1041 120.8381  23.8550 1388
csv: 121.6472  24.8142 1158  118 121.6600  24.8108 1040 121.6661  24.8150 1160
csv: 120.5444  23.3194 1142  102 120.5422  23.3197 1040 120.5233  23.3122 1237
csv: 121.2236  23.5172 1174  135 121.2219  23.5153 1039 120.95728  23.47 3952
csv: 120.6644  23.2603 1144  112 120.6717  23.2594 1032 120.6781  23.2606 1167
csv: 121.6908  24.3558 1172  140 121.6903  24.3675 1032 120.95728  23.47 3952
csv: 121.0036  22.7264 1220  189 120.9689  22.7122 1031 120.95728  23.47 3952
csv: 120.5472  23.3422 1168  140 120.5417  23.3289 1028 120.5233  23.3122 1237
csv: 121.4181  24.8250 1208  182 121.4275  24.8181 1026 120.95728  23.47 3952
csv: 121.3997  23.3250 1132  106 121.4022  23.3339 1026 121.4222  23.3575 1331
csv: 121.2461  23.2525 1133  110 121.2389  23.2469 1023 120.95728  23.47 3952
csv: 120.6833  23.4136 1150  127 120.6842  23.4150 1023 120.95728  23.47 3952
csv: 121.4975  24.2086 1124  103 121.4953  24.2103 1021 120.95728  23.47 3952
csv: 121.4467  23.4436 1137  122 121.4425  23.4375 1015 121.4403  23.4333 1193
csv: 120.9125  22.6258 1157  150 120.9167  22.6278 1007 120.9414  22.6319 1393
csv: 120.7108  22.3194 1116  111 120.7108  22.3281 1005 120.95728  23.47 3952
csv: 121.6211  24.8111 1285  281 121.6261  24.7956 1004 121.5675  24.7972 1458
csv: 120.9872  24.0239 1130  129 120.9906  24.0203 1001 120.95728  23.47 3952
csv: 121.4403  23.4333 1193  198 121.4208  23.4211  995 121.4078  23.3953 1271
csv: 121.5542  24.5939 1100  106 121.5611  24.5931  994 120.95728  23.47 3952
csv: 120.8553  22.6233 1132  140 120.8506  22.6272  992 120.95728  23.47 3952
csv: 120.6689  23.5908 1157  165 120.6783  23.5908  992 120.95728  23.47 3952
csv: 121.6886  24.8481 1092  103 121.6933  24.8436  989 121.6964  24.8344 1160
csv: 120.6781  23.2606 1167  178 120.6750  23.2522  989 120.6714  23.2367 1181
csv: 121.6661  24.8150 1160  173 121.6353  24.8094  987 121.5675  24.7972 1458
csv: 121.7286  24.4425 1169  183 121.7231  24.4575  986 120.95728  23.47 3952
csv: 120.6050  23.3956 1274  303 120.6403  23.3997  971 120.95728  23.47 3952
csv: 120.8603  22.6114 1159  193 120.8556  22.6147  966 120.95728  23.47 3952
csv: 120.5975  23.3383 1067  104 120.5964  23.3417  963 120.6000  23.3472 1120
csv: 121.5906  24.7236 1100  140 121.5950  24.7250  960 121.5942  24.7353 1132
csv: 121.2681  23.3275 1129  171 121.2628  23.3378  958 120.95728  23.47 3952
csv: 120.6067  23.5533 1166  211 120.6056  23.5608  955 120.6233  23.5900 1299
csv: 120.8608  22.5511 1235  285 120.8431  22.5503  950 120.95728  23.47 3952
csv: 121.3617  23.1753 1124  174 121.3553  23.1739  950 121.3219  23.1397 1676
csv: 120.5656  23.1758 1103  157 120.5703  23.1881  946 120.5800  23.2028 1128
csv: 121.4783  24.1847 1124  182 121.4756  24.1867  942 120.95728  23.47 3952
csv: 120.8278  23.9344 1158  218 120.8358  23.9361  940 120.8381  23.8550 1388
csv: 120.8664  23.6981 1145  205 120.8756  23.6975  940 120.95728  23.47 3952
csv: 121.1411  24.6158 1202  263 121.1489  24.6253  939 120.95728  23.47 3952
csv: 120.9072  24.3214 1232  295 120.9061  24.3314  937 120.95728  23.47 3952
csv: 120.9342  23.8381 1076  140 120.9386  23.8394  936 120.95728  23.47 3952
csv: 121.1661  24.6681 1139  204 121.1797  24.6608  935 120.95728  23.47 3952
csv: 120.8864  24.2042 1197  263 120.9014  24.2325  934 120.95728  23.47 3952
csv: 120.6122  23.4778 1068  134 120.6192  23.4836  934 120.95728  23.47 3952
csv: 120.8264  24.1031 1036  103 120.8319  24.0969  933 120.8292  24.0747 1202
csv: 120.6514  23.2083 1054  123 120.6578  23.2278  931 120.6714  23.2367 1181
csv: 120.6431  23.3847 1078  156 120.6431  23.3886  922 120.95728  23.47 3952
csv: 120.6000  23.3472 1120  200 120.5908  23.3569  920 120.95728  23.47 3952
csv: 121.1228  24.6144 1038  121 121.1267  24.6142  917 120.95728  23.47 3952
csv: 120.6683  23.6092 1024  109 120.6764  23.6106  915 120.95728  23.47 3952
csv: 120.6789  22.5972 1037  122 120.6844  22.6011  915 120.95728  23.47 3952
csv: 121.6431  24.3444 1020  106 121.6453  24.3417  914 120.95728  23.47 3952
csv: 120.5800  23.2028 1128  216 120.5792  23.2172  912 120.5925  23.2403 1181
csv: 121.5142  24.8522 1111  203 121.5094  24.8547  908 120.95728  23.47 3952
csv: 120.8161  22.6025 1010  103 120.8169  22.6089  907 120.95728  23.47 3952
csv: 120.9414  22.6319 1393  489 120.8975  22.6222  904 120.95728  23.47 3952
csv: 120.9469  24.5031 1012  112 120.9542  24.5058  900 120.95728  23.47 3952
csv: 121.0014  23.7981 1008  112 120.9992  23.7986  896 120.95728  23.47 3952
csv: 120.6714  23.2367 1181  285 120.6864  23.2631  896 120.95728  23.47 3952
csv: 121.3608  23.2444 1001  106 121.3619  23.2550  895 121.3653  23.2581 1077
csv: 120.6233  23.5900 1299  405 120.6214  23.5394  894 120.95728  23.47 3952
csv: 120.8264  24.1428 1053  165 120.8333  24.1281  888 120.8589  24.1292 1123
csv: 120.9094  22.5456 1007  120 120.9139  22.5447  887 120.9203  22.5467 1049
csv: 121.5703  24.7142 1102  215 121.5631  24.7111  887 120.95728  23.47 3952
csv: 121.3653  23.2581 1077  190 121.3589  23.2414  887 121.3219  23.1397 1676
csv: 120.8181  24.1378  989  104 120.8211  24.1392  885 120.8589  24.1292 1123
csv: 121.6867  24.5686 1062  177 121.6708  24.5608  885 120.95728  23.47 3952
csv: 121.4042  23.3672  985  101 121.4106  23.3642  884 121.4222  23.3575 1331
csv: 121.3769  23.2922 1014  135 121.3911  23.3214  879 121.4222  23.3575 1331
csv: 121.4222  23.3575 1331  452 121.3772  23.2867  879 121.3219  23.1397 1676
csv: 121.4306  23.3506 1031  154 121.4275  23.3514  877 121.3219  23.1397 1676
csv: 121.7297  24.8592 1024  148 121.7292  24.8544  876 121.6964  24.8344 1160
csv: 120.6867  22.4203 1179  303 120.7033  22.4172  876 120.95728  23.47 3952
csv: 120.5225  23.2828  980  106 120.5242  23.2908  874 120.5233  23.3122 1237
csv: 121.7317  24.5686  973  105 121.7347  24.5672  868 121.7608  24.5375 1471
csv: 121.6314  24.3569 1012  144 121.6414  24.3481  868 120.95728  23.47 3952
csv: 120.8589  24.1292 1123  256 120.8358  24.1144  867 120.8292  24.0747 1202
csv: 121.1928  24.6789  976  110 121.1786  24.6719  866 120.95728  23.47 3952
csv: 120.8319  22.5839 1071  208 120.8261  22.5883  863 120.95728  23.47 3952
csv: 121.4078  23.3953 1271  408 121.4017  23.3800  863 121.3219  23.1397 1676
csv: 121.5428  25.1889 1064  205 121.5525  25.2006  859 121.5631  25.2142 1100
csv: 121.2672  23.1128  985  126 121.2544  23.0847  859 121.2472  23.0692 1015
csv: 120.8503  22.4789 1241  383 120.8394  22.4767  858 120.95728  23.47 3952
csv: 121.4414  23.9603 1004  148 121.4378  23.9636  856 120.95728  23.47 3952
csv: 120.6711  22.9828 1108  254 120.6825  22.9900  854 120.95728  23.47 3952
csv: 120.6242  23.2586  967  113 120.6242  23.2619  854 120.6231  23.2656  970
csv: 121.0567  24.1008  964  110 121.0544  24.1036  854 120.95728  23.47 3952
csv: 120.6817  22.5450 1002  149 120.6928  22.5478  853 120.95728  23.47 3952
csv: 121.7481  24.5844 1042  189 121.7469  24.5772  853 121.7608  24.5375 1471
csv: 121.3192  23.0728 1013  166 121.3142  23.0822  847 121.3219  23.1397 1676
csv: 120.7783  22.3083 1081  236 120.7947  22.3156  845 120.95728  23.47 3952
csv: 120.8919  22.5450 1010  167 120.8858  22.5469  843 120.95728  23.47 3952
csv: 120.6247  23.3725  959  116 120.6317  23.3747  843 120.95728  23.47 3952
csv: 120.9417  22.5722  998  158 120.9272  22.5625  840 120.9203  22.5467 1049
csv: 121.0961  24.6411 1058  220 121.0853  24.6297  838 120.95728  23.47 3952
csv: 120.8172  23.7394 1387  551 120.8236  23.7111  836 120.95728  23.47 3952
csv: 120.5233  23.3122 1237  401 120.5778  23.3619  836 120.95728  23.47 3952
csv: 121.5222  25.1772 1091  257 121.5292  25.1831  834 121.5631  25.2142 1100
csv: 120.6625  22.7425 1046  212 120.6811  22.7550  834 120.6922  22.7639 1236
csv: 120.6231  23.2656  970  136 120.6186  23.2747  834 120.6167  23.2817  996
csv: 121.2211  23.0119  998  165 121.2272  23.0322  833 121.2472  23.0692 1015
csv: 120.8903  23.8017  963  133 120.8933  23.8103  830 120.8981  23.8139  995
csv: 120.8292  24.0747 1202  374 120.8850  24.1389  828 120.95728  23.47 3952
csv: 120.6086  23.0361  981  153 120.6172  23.0428  828 120.6225  23.0556 1037
csv: 121.0344  24.5444  970  144 121.0392  24.5436  826 120.95728  23.47 3952
csv: 120.6414  23.1828  965  145 120.6386  23.1814  820 120.6242  23.1653 1002
csv: 120.9761  24.0322  986  167 120.9803  24.0314  819 120.95728  23.47 3952
csv: 120.8369  22.5019  925  109 120.8333  22.5019  816 120.95728  23.47 3952
csv: 121.3169  23.2025  946  131 121.3175  23.1986  815 121.3219  23.1397 1676
csv: 121.2044  22.9050 1029  216 121.1989  22.9067  813 121.1881  22.8950 1188
csv: 121.7150  24.5733 1012  204 121.7083  24.5781  808 120.95728  23.47 3952
csv: 121.4603  24.8689  974  168 121.4789  24.8703  806 120.95728  23.47 3952
csv: 121.1419  24.6375  950  144 121.1456  24.6361  806 120.95728  23.47 3952
csv: 120.8981  23.8139  995  192 120.9186  23.8342  803 120.95728  23.47 3952
csv: 120.6419  23.3281  960  163 120.6453  23.3317  797 120.6589  23.3397 1091
csv: 121.3806  24.8361  986  192 121.3967  24.8425  794 120.95728  23.47 3952
csv: 121.4469  23.9839  920  127 121.4422  23.9875  793 120.95728  23.47 3952
csv: 120.8986  22.4992  985  192 120.8825  22.4911  793 120.95728  23.47 3952
csv: 121.5942  24.7353 1132  341 121.5822  24.7208  791 120.95728  23.47 3952
csv: 121.5631  25.2142 1100  310 121.5461  25.1800  790 121.5533  25.1708 1109
csv: 121.5050  25.1744  974  189 121.5081  25.1711  785 121.5533  25.1708 1109
csv: 120.6589  23.3397 1091  307 120.6519  23.3575  784 120.95728  23.47 3952
csv: 121.2281  22.9156  882  101 121.2283  22.9203  781 121.2297  22.9247  950
csv: 120.6922  22.7639 1236  455 120.7047  22.7936  781 120.95728  23.47 3952
csv: 121.5656  25.1719  888  109 121.5628  25.1697  779 121.5533  25.1708 1109
csv: 120.6142  23.0619  914  137 120.6183  23.0597  777 120.6225  23.0556 1037
csv: 121.4397  23.3633  897  121 121.4386  23.3642  776 121.3219  23.1397 1676
csv: 120.9444  24.0808  882  111 120.9464  24.0847  771 120.95728  23.47 3952
csv: 120.9539  24.0461  928  159 120.9667  24.0336  769 120.95728  23.47 3952
csv: 121.5919  25.1742  887  119 121.5981  25.1758  768 121.6042  25.1764  918
csv: 120.9203  22.5467 1049  287 120.8983  22.5444  762 120.95728  23.47 3952
csv: 120.6353  23.6156  859  101 120.6289  23.6061  758 120.95728  23.47 3952
csv: 120.9528  24.5422  956  201 120.9536  24.5347  755 120.95728  23.47 3952
csv: 120.9083  23.8814 1008  253 120.9206  23.8725  755 120.95728  23.47 3952
csv: 121.8144  24.5511  958  203 121.8094  24.5508  755 121.7608  24.5375 1471
csv: 121.5875  25.1608  858  104 121.5783  25.1658  754 121.5533  25.1708 1109
csv: 120.7197  23.7172  876  123 120.7156  23.7042  753 120.95728  23.47 3952
csv: 120.6242  23.1653 1002  249 120.6422  23.1994  753 120.95728  23.47 3952
csv: 120.6569  22.7856  894  143 120.6539  22.8022  751 120.6575  22.8097  945
csv: 120.8900  23.8625  948  198 120.9053  23.8400  750 120.95728  23.47 3952
csv: 120.6422  23.0506  998  250 120.6300  23.0536  748 120.6225  23.0556 1037
csv: 121.6042  25.1764  918  172 121.6006  25.1706  746 121.5533  25.1708 1109
csv: 120.6575  22.8097  945  200 120.6608  22.8144  745 120.95728  23.47 3952
csv: 121.4542  23.9775  974  234 121.4492  23.9822  740 120.95728  23.47 3952
csv: 120.9683  24.0556  912  173 120.9683  24.0467  739 120.95728  23.47 3952
csv: 121.0747  22.8733  950  212 121.0719  22.8625  738 120.95728  23.47 3952
csv: 120.9372  23.8794  888  157 120.9356  23.8753  731 120.95728  23.47 3952
csv: 121.2972  23.3683  872  142 121.2881  23.3711  730 120.95728  23.47 3952
csv: 121.6058  24.8633  919  191 121.6142  24.8614  728 121.6964  24.8344 1160
csv: 121.6964  24.8344 1160  433 121.6872  24.8186  727 121.5675  24.7972 1458
csv: 120.8792  22.4211  867  140 120.8694  22.4189  727 120.95728  23.47 3952
csv: 120.9083  24.4347  886  160 120.9111  24.4319  726 120.95728  23.47 3952
csv: 121.7608  24.5375 1471  746 121.7264  24.5728  725 120.95728  23.47 3952
csv: 120.9303  24.4511  832  108 120.9350  24.4519  724 120.95728  23.47 3952
csv: 121.2503  22.9353  825  109 121.2458  22.9325  716 121.2297  22.9247  950
csv: 120.6747  23.0036  871  156 120.6797  23.0081  715 120.95728  23.47 3952
csv: 120.7564  22.2519  899  188 120.7664  22.2517  711 120.7933  22.2578  926
csv: 120.9053  23.9058  879  169 120.9014  23.9178  710 120.8772  23.9103  948
csv: 120.8892  24.0194  828  125 120.9092  24.0033  703 120.9053  23.9953  832
csv: 121.4914  24.9044  862  159 121.4806  24.8908  703 120.95728  23.47 3952
csv: 120.8536  24.1806  842  141 120.8581  24.1789  701 120.95728  23.47 3952
csv: 120.5047  23.2661  834  134 120.5142  23.2686  700 120.95728  23.47 3952
csv: 120.8942  22.4306  900  201 120.8875  22.4231  699 120.95728  23.47 3952
csv: 121.0294  24.0922  830  133 121.0314  24.0928  697 120.95728  23.47 3952
csv: 121.2297  22.9247  950  254 121.2125  22.9133  696 121.1881  22.8950 1188
csv: 120.8111  23.9717  830  137 120.8164  23.9700  693 120.8381  23.8550 1388
csv: 121.4850  23.5167  806  115 121.4861  23.5219  691 121.4889  23.5447  913
csv: 121.2703  22.9647  808  118 121.2667  22.9628  690 121.2622  22.9603  910
csv: 121.3178  23.2183  955  266 121.3297  23.2131  689 121.3219  23.1397 1676
csv: 120.8253  24.3947  847  159 120.8192  24.3775  688 120.8111  24.3750  886
csv: 120.8772  23.9103  948  264 120.8658  23.9075  684 120.8381  23.8550 1388
csv: 120.9269  22.5006  889  206 120.9097  22.5028  683 120.95728  23.47 3952
csv: 120.8858  24.0239  794  116 120.8869  24.0211  678 120.9053  23.9953  832
csv: 120.8761  23.8347  876  200 120.8861  23.8278  676 120.95728  23.47 3952
csv: 120.5611  23.1517  775  104 120.5586  23.1531  671 120.5925  23.2403 1181
csv: 120.7928  22.2869  773  104 120.7917  22.2894  669 120.95728  23.47 3952
csv: 120.5164  23.2583  802  133 120.5147  23.2617  669 120.95728  23.47 3952
csv: 121.6442  24.3631  770  102 121.6406  24.3681  668 120.95728  23.47 3952
csv: 120.7589  22.9361  784  121 120.7578  22.9403  663 120.95728  23.47 3952
csv: 120.9053  23.9953  832  172 120.9289  24.0447  660 120.95728  23.47 3952
csv: 121.5078  24.8997  786  128 121.5017  24.9022  658 120.95728  23.47 3952
csv: 121.2844  23.4322  789  134 121.2844  23.4275  655 120.95728  23.47 3952
csv: 120.6411  23.2472  765  110 120.6439  23.2353  655 120.95728  23.47 3952
csv: 121.5675  24.7972 1458  807 121.5892  24.7597  651 120.95728  23.47 3952
csv: 121.7556  24.9236  945  295 121.7844  24.9147  650 121.7931  24.8983 1001
csv: 121.5631  24.8761  910  260 121.5903  24.8689  650 120.95728  23.47 3952
csv: 120.8861  24.5119  755  112 120.8839  24.5081  643 120.8806  24.5019  772
csv: 120.9750  23.9306  806  165 120.9806  23.9239  641 120.95728  23.47 3952
csv: 120.9486  23.9314  850  212 120.9144  23.9089  638 120.8381  23.8550 1388
csv: 120.7572  22.1778  797  161 120.7475  22.1769  636 120.7328  22.1639 1056
csv: 120.7650  23.7489  749  114 120.7706  23.7533  635 120.95728  23.47 3952
csv: 120.8381  23.8550 1388  754 120.9131  23.9036  634 120.95728  23.47 3952
csv: 120.8733  24.4872  746  113 120.8761  24.4947  633 120.8806  24.5019  772
csv: 120.7853  24.0267  738  107 120.7822  24.0228  631 120.7803  24.0194  763
csv: 121.4894  23.5053  745  115 121.4878  23.5108  630 121.4889  23.5447  913
csv: 121.4633  23.4386  800  170 121.4597  23.4417  630 121.3219  23.1397 1676
csv: 121.6542  24.8772  727  100 121.6533  24.8719  627 120.95728  23.47 3952
csv: 120.8956  24.2844  731  105 120.8975  24.2786  626 120.95728  23.47 3952
csv: 120.7803  24.0194  763  137 120.7864  24.0275  626 120.7878  24.0297  776
csv: 120.6225  23.0556 1037  416 120.6264  23.0661  621 120.95728  23.47 3952
csv: 120.7981  22.2764  803  186 120.8000  22.2850  617 120.95728  23.47 3952
csv: 120.6167  23.2817  996  383 120.6325  23.2536  613 120.95728  23.47 3952
csv: 120.7850  22.1953  798  186 120.7683  22.1858  612 120.7328  22.1639 1056
csv: 120.5706  23.0861  779  167 120.5875  23.1136  612 120.95728  23.47 3952
csv: 121.0406  24.6267  810  202 121.0478  24.6203  608 120.95728  23.47 3952
csv: 120.4964  23.2475  850  243 120.5008  23.2586  607 120.95728  23.47 3952
csv: 121.6906  24.8878  739  133 121.6836  24.8800  606 120.95728  23.47 3952
csv: 120.9450  22.5125  731  126 120.9356  22.5047  605 120.95728  23.47 3952
csv: 120.7281  22.9131  704  107 120.7275  22.9089  597 120.95728  23.47 3952
csv: 120.7933  22.2578  926  331 120.7997  22.2689  595 120.95728  23.47 3952
csv: 120.9081  23.9511  765  177 120.9147  23.9458  588 120.95728  23.47 3952
csv: 120.9708  22.5769  688  102 120.9689  22.5750  586 120.95728  23.47 3952
csv: 121.5911  24.9250  680  101 121.5853  24.9281  579 121.5689  24.9211  726
csv: 121.6869  24.4331  684  107 121.6822  24.4364  577 120.95728  23.47 3952
csv: 121.6797  24.9542  698  129 121.6903  24.9631  569 121.7181  24.9747  836
csv: 121.7672  24.8500  675  107 121.7653  24.8500  568 120.95728  23.47 3952
csv: 121.2725  22.9578  680  115 121.2714  22.9606  565 121.2622  22.9603  910
csv: 120.5414  23.0619  665  103 120.5375  23.0586  562 120.5236  23.0478  793
csv: 121.2472  23.0692 1015  454 121.2725  23.0981  561 121.3219  23.1397 1676
csv: 120.5517  23.3722  665  105 120.5544  23.3717  560 120.95728  23.47 3952
csv: 121.3081  23.0244  783  229 121.3044  23.0208  554 121.3028  23.0139  807
csv: 120.5500  23.1308  691  137 120.5483  23.1353  554 120.5925  23.2403 1181
csv: 120.8394  24.4261  714  161 120.8403  24.4081  553 120.8111  24.3750  886
csv: 121.6197  24.4092  779  226 121.6169  24.4169  553 120.95728  23.47 3952
csv: 121.8500  24.5378  815  263 121.8417  24.5428  552 120.95728  23.47 3952
csv: 121.8756  25.0947  714  163 121.8717  25.0936  551 121.8656  25.0931  730
csv: 120.5925  23.2403 1181  630 120.6283  23.2458  551 120.95728  23.47 3952
csv: 120.9050  24.4589  755  205 120.9122  24.4761  550 120.95728  23.47 3952
csv: 121.2622  22.9603  910  361 121.2531  22.9494  549 121.1881  22.8950 1188
csv: 121.7314  24.5989  705  156 121.7364  24.5914  549 120.95728  23.47 3952
csv: 121.4106  24.8881  773  231 121.4214  24.8869  542 120.95728  23.47 3952
csv: 121.7931  24.8983 1001  462 121.7747  24.8656  539 120.95728  23.47 3952
csv: 121.7756  24.9867  671  133 121.7542  24.9767  538 121.7181  24.9747  836
csv: 121.3564  23.2997  650  114 121.3644  23.2992  536 121.3219  23.1397 1676
csv: 121.6483  24.6225  741  206 121.6497  24.6089  535 120.95728  23.47 3952
csv: 120.8003  24.1792  852  319 120.8178  24.1622  533 120.95728  23.47 3952
csv: 121.3136  23.0369  744  211 121.3114  23.0303  533 121.3028  23.0139  807
csv: 121.0856  24.6650  726  200 121.0919  24.6500  526 120.95728  23.47 3952
csv: 121.6261  24.7472  636  113 121.6303  24.7464  523 121.6458  24.7392  816
csv: 121.2158  22.9608  704  182 121.2125  22.9706  522 121.3219  23.1397 1676
csv: 121.0342  24.6042  628  107 121.0328  24.6064  521 120.95728  23.47 3952
csv: 120.5478  23.2819  654  137 120.5469  23.2892  517 120.95728  23.47 3952
csv: 121.1881  22.8950 1188  676 121.1994  22.9497  512 121.3219  23.1397 1676
csv: 121.7300  25.0533  726  214 121.7661  25.0600  512 121.7806  25.0711  756
csv: 121.4844  23.4919  611  101 121.4869  23.4953  510 121.4889  23.5447  913
csv: 121.6000  24.9389  620  114 121.5964  24.9344  506 121.5689  24.9211  726
csv: 121.6808  25.0411  635  130 121.6978  25.0350  505 121.7806  25.0711  756
csv: 120.9631  23.7869  608  104 120.9644  23.7900  504 120.95728  23.47 3952
csv: 120.8669  24.3267  606  103 120.8797  24.3208  503 120.95728  23.47 3952
csv: 121.8536  24.9278  736  233 121.8361  24.9078  503 120.95728  23.47 3952
csv: 121.6308  24.7147  618  121 121.6267  24.7122  497 120.95728  23.47 3952
csv: 121.3028  23.0139  807  311 121.3106  23.0422  496 121.3219  23.1397 1676
csv: 120.7878  24.0297  776  282 120.8014  24.0494  494 120.95728  23.47 3952
csv: 120.7806  24.2267  633  146 120.7883  24.2075  487 120.95728  23.47 3952
csv: 121.4450  23.4806  627  143 121.4444  23.4783  484 121.3219  23.1397 1676
csv: 121.2867  22.9778  679  196 121.2833  22.9792  483 121.3219  23.1397 1676
csv: 121.8450  24.9578  710  228 121.8306  24.9414  482 121.8133  24.9481  810
csv: 121.8133  24.9481  810  330 121.8439  24.9389  480 120.95728  23.47 3952
csv: 121.4106  23.4411  606  126 121.4133  23.4400  480 121.3219  23.1397 1676
csv: 120.6228  23.2142  621  141 120.6300  23.2181  480 120.95728  23.47 3952
csv: 120.8206  24.2903  587  108 120.8278  24.2861  479 120.95728  23.47 3952
csv: 121.1283  24.6958  701  225 121.1347  24.6819  476 120.95728  23.47 3952
csv: 121.6458  24.7392  816  341 121.6403  24.7511  475 120.95728  23.47 3952
csv: 121.2325  24.7856  607  136 121.2439  24.7906  471 121.2531  24.7936  658
csv: 121.7797  24.3953  605  134 121.7794  24.3906  471 120.95728  23.47 3952
csv: 120.8133  23.7964  608  141 120.8142  23.7925  467 120.95728  23.47 3952
csv: 121.4397  23.5922  638  178 121.4275  23.5542  460 121.4528  23.5425  693
csv: 121.6189  24.9669  669  213 121.6236  24.9561  456 121.5689  24.9211  726
csv: 120.7811  23.9972  568  113 120.7761  24.0008  455 120.95728  23.47 3952
csv: 121.2769  23.1458  580  127 121.2822  23.1503  453 121.3219  23.1397 1676
csv: 120.8128  22.2306  644  191 120.8356  22.2450  453 120.95728  23.47 3952
csv: 121.5689  24.9211  726  276 121.6256  24.9542  450 121.7181  24.9747  836
csv: 120.7278  22.2386  687  238 120.7411  22.2425  449 120.95728  23.47 3952
csv: 120.6231  22.9778  819  371 120.6211  23.0072  448 120.95728  23.47 3952
csv: 121.8139  24.9989  561  114 121.8128  24.9939  447 121.7181  24.9747  836
csv: 120.5392  23.2642  642  198 120.5344  23.2703  444 120.95728  23.47 3952
csv: 120.5656  23.3883  602  159 120.5678  23.3867  443 120.95728  23.47 3952
csv: 121.1847  22.9425  547  106 121.1892  22.9400  441 121.3219  23.1397 1676
csv: 121.8708  24.9592  586  145 121.9017  24.9731  441 121.9103  24.9744  613
csv: 121.5433  25.1486  641  202 121.5433  25.1517  439 121.5533  25.1708 1109
csv: 121.7181  24.9747  836  397 121.8317  24.9886  439 120.95728  23.47 3952
csv: 120.8019  22.0986  553  115 120.8078  22.0961  438 120.8033  22.0831  586
csv: 120.4861  23.3272  641  204 120.4981  23.3278  437 120.95728  23.47 3952
csv: 121.9103  24.9744  613  177 121.8675  24.9617  436 120.95728  23.47 3952
csv: 121.4772  24.5761  546  112 121.4772  24.5742  434 120.95728  23.47 3952
csv: 121.3778  23.3292  551  118 121.3806  23.3267  433 121.3219  23.1397 1676
csv: 121.3658  23.3147  545  112 121.3711  23.3103  433 121.3219  23.1397 1676
csv: 121.7792  24.4142  599  171 121.7842  24.4083  428 120.95728  23.47 3952
csv: 120.7883  24.3925  529  102 120.7856  24.3833  427 120.8111  24.3750  886
csv: 121.7631  25.0050  574  147 121.7675  24.9922  427 120.95728  23.47 3952
csv: 120.6503  22.3353  529  102 120.6586  22.3356  427 120.95728  23.47 3952
csv: 120.8164  22.1792  624  199 120.8444  22.2050  425 120.7328  22.1639 1056
csv: 120.7733  24.3803  545  122 120.7808  24.3811  423 120.8111  24.3750  886
csv: 121.6881  24.9953  584  161 121.6881  24.9886  423 120.95728  23.47 3952
csv: 121.3353  24.8114  632  209 121.3389  24.8192  423 120.95728  23.47 3952
csv: 120.7925  24.0936  531  112 120.7997  24.0931  419 120.95728  23.47 3952
csv: 121.4558  23.5986  600  183 121.4517  23.5933  417 121.4528  23.5425  693
csv: 121.2531  24.7936  658  241 121.2589  24.7844  417 120.95728  23.47 3952
csv: 121.7389  25.0142  557  142 121.7331  25.0086  415 121.7144  25.0061  599
csv: 120.6369  23.6481  545  136 120.6319  23.6397  409 120.95728  23.47 3952
csv: 120.6161  22.9433  537  131 120.6186  22.9408  406 120.95728  23.47 3952
csv: 120.8772  24.0483  554  149 120.8803  24.0575  405 120.95728  23.47 3952
csv: 120.7658  22.1419  525  120 120.7600  22.1469  405 120.7328  22.1639 1056
csv: 120.8414  22.1669  552  151 120.8431  22.1603  401 120.8361  22.1544  555
csv: 120.8111  24.3750  886  488 120.8408  24.3728  398 120.95728  23.47 3952
csv: 121.2492  23.1317  564  169 121.2567  23.1264  395 121.3219  23.1397 1676
csv: 121.7828  25.0125  529  136 121.7722  25.0017  393 120.95728  23.47 3952
csv: 120.5178  23.2311  496  104 120.5281  23.2267  392 120.5314  23.2317  512
csv: 120.7597  23.8014  636  245 120.7431  23.7650  391 120.95728  23.47 3952
csv: 120.6444  22.5397  619  228 120.6461  22.5542  391 120.95728  23.47 3952
csv: 120.8144  22.1331  513  122 120.8375  22.1422  391 120.8361  22.1544  555
csv: 121.5183  22.0583  508  119 121.5197  22.0600  389 121.5344  22.0528  543
csv: 121.5683  23.8369  551  163 121.5611  23.8350  388 121.5519  23.8253  611
csv: 121.2944  24.8333  493  105 121.2867  24.8289  388 121.2792  24.8247  545
csv: 120.6717  22.2806  516  128 120.6853  22.2903  388 120.95728  23.47 3952
csv: 120.8408  22.2275  510  128 120.8642  22.2344  382 120.95728  23.47 3952
csv: 121.5636  23.8100  525  144 121.5667  23.8217  381 121.5519  23.8253  611
csv: 121.2292  24.8097  550  170 121.2319  24.7989  380 120.95728  23.47 3952
csv: 121.5183  23.7592  587  208 121.5278  23.7856  379 121.5519  23.8253  611
csv: 120.6739  22.7133  483  105 120.6664  22.7197  378 120.95728  23.47 3952
csv: 120.5717  23.3950  480  102 120.5775  23.3919  378 120.95728  23.47 3952
csv: 121.6286  24.8944  485  112 121.6361  24.8961  373 120.95728  23.47 3952
csv: 121.3353  24.8664  651  278 121.3339  24.8464  373 120.95728  23.47 3952
csv: 120.5453  22.9347  635  263 120.5764  22.9508  372 120.5797  22.9667  659
csv: 120.5844  23.0578  473  101 120.5875  23.0528  372 120.95728  23.47 3952
csv: 120.7814  23.9592  472  105 120.7875  23.9569  367 120.95728  23.47 3952
csv: 121.5203  23.7181  559  192 121.5175  23.6928  367 121.5233  23.6794  742
csv: 120.7675  24.2986  553  187 120.8008  24.2944  366 120.95728  23.47 3952
csv: 120.7347  24.3831  610  247 120.7564  24.3894  363 120.95728  23.47 3952
csv: 121.4550  23.5222  480  117 121.4611  23.5250  363 121.4889  23.5447  913
csv: 121.4156  25.1297  469  107 121.4192  25.1297  362 121.4264  25.1361  601
csv: 120.6875  22.2489  513  151 120.7019  22.2511  362 120.95728  23.47 3952
csv: 120.9108  22.4492  461  100 120.9100  22.4433  361 120.95728  23.47 3952
csv: 120.7069  22.9189  466  108 120.7083  22.9164  358 120.95728  23.47 3952
csv: 121.4286  23.5167  463  108 121.4197  23.5164  355 121.4528  23.5425  693
csv: 120.5797  22.9667  659  306 120.5992  22.9822  353 120.95728  23.47 3952
csv: 121.7831  24.9961  455  102 121.7831  24.9925  353 120.95728  23.47 3952
csv: 121.8231  24.5908  476  123 121.8178  24.5806  353 120.95728  23.47 3952
csv: 121.2792  24.8247  545  194 121.3039  24.8339  351 120.95728  23.47 3952
csv: 120.7328  22.1639 1056  707 120.8672  22.2122  349 120.95728  23.47 3952
csv: 120.7553  23.9625  469  126 120.7731  23.9606  343 120.95728  23.47 3952
csv: 121.9439  24.9878  483  142 121.9264  24.9797  341 120.95728  23.47 3952
csv: 120.8806  24.5019  772  433 120.9081  24.5050  339 120.95728  23.47 3952
csv: 121.4528  23.5425  693  356 121.4633  23.5428  337 121.4889  23.5447  913
csv: 120.5250  23.1125  634  297 120.5397  23.1164  337 120.95728  23.47 3952
csv: 121.1967  24.7433  471  136 121.1958  24.7378  335 120.95728  23.47 3952
csv: 121.6394  24.9950  438  109 121.6375  24.9883  329 120.95728  23.47 3952
csv: 120.7864  24.4206  565  238 120.7975  24.4108  327 120.95728  23.47 3952
csv: 121.0139  24.6417  507  181 121.0281  24.6339  326 120.95728  23.47 3952
csv: 121.7144  25.0061  599  275 121.7219  24.9978  324 120.95728  23.47 3952
csv: 120.8361  22.1544  555  231 120.8147  22.1000  324 120.8033  22.0831  586
csv: 121.8492  25.1189  582  259 121.8478  25.1119  323 121.8656  25.0931  730
csv: 120.6394  22.3800  431  108 120.6447  22.3836  323 120.95728  23.47 3952
csv: 120.5236  23.0478  793  476 120.5567  23.0619  317 120.95728  23.47 3952
csv: 120.5314  23.2317  512  197 120.5469  23.2247  315 120.95728  23.47 3952
csv: 121.6689  24.7242  420  106 121.6658  24.7258  314 120.95728  23.47 3952
csv: 120.7519  24.0986  440  129 120.7619  24.0919  311 120.95728  23.47 3952
csv: 121.5375  23.6667  414  103 121.5356  23.6694  311 121.5233  23.6794  742
csv: 121.6508  24.3564  423  112 121.6522  24.3525  311 120.95728  23.47 3952
csv: 121.4742  23.4561  514  204 121.4681  23.4542  310 121.3219  23.1397 1676
csv: 121.5567  22.0736  454  145 121.5536  22.0708  309 121.5344  22.0528  543
csv: 120.6447  23.8178  432  131 120.6278  23.8703  301 120.6314  23.8892  442
csv: 121.5400  23.7342  481  183 121.5311  23.7319  298 121.5233  23.6794  742
csv: 121.4414  24.9375  396  103 121.4489  24.9425  293 121.4561  24.9461  417
csv: 121.1281  22.8739  398  109 121.1064  22.8494  289 121.1153  22.8486  432
csv: 120.8936  24.5503  400  111 120.8944  24.5492  289 120.95728  23.47 3952
csv: 120.7531  24.1383  487  198 120.7697  24.1564  289 120.95728  23.47 3952
csv: 120.7258  23.8503  398  112 120.7550  23.8575  286 120.95728  23.47 3952
csv: 120.8033  22.0831  586  300 120.8594  22.1856  286 120.95728  23.47 3952
csv: 121.1847  24.8667  396  111 121.2125  24.8172  285 120.95728  23.47 3952
csv: 121.5233  23.6794  742  458 121.4797  23.6372  284 121.4889  23.5447  913
csv: 121.7806  25.0711  756  473 121.7050  25.0183  283 120.95728  23.47 3952
csv: 121.3031  24.8403  394  113 121.3011  24.8442  281 120.95728  23.47 3952
csv: 121.5756  24.0897  391  111 121.5803  24.0875  280 120.95728  23.47 3952
csv: 121.2086  24.7669  420  142 121.2117  24.7639  278 120.95728  23.47 3952
csv: 120.7278  23.8811  386  109 120.7322  23.8683  277 120.95728  23.47 3952
csv: 120.8664  22.0378  402  127 120.8683  22.0553  275 120.8417  22.0678  512
csv: 121.2967  24.8189  382  108 121.3128  24.8217  274 120.95728  23.47 3952
csv: 121.7908  24.4392  377  105 121.7922  24.4364  272 121.7942  24.4292  414
csv: 121.9731  25.0161  382  113 121.9744  25.0122  269 121.9756  25.0028  429
csv: 121.3219  23.1397 1676 1408 121.2172  23.1017  268 120.95728  23.47 3952
csv: 121.8656  25.0931  730  464 121.8328  25.0494  266 120.95728  23.47 3952
csv: 120.5958  22.9072  454  189 120.6078  22.9169  265 120.95728  23.47 3952
csv: 120.9022  24.5606  375  111 120.9031  24.5592  264 120.95728  23.47 3952
csv: 121.5519  23.8253  611  348 121.5167  23.7419  263 121.4889  23.5447  913
csv: 121.9756  25.0028  429  166 121.9522  24.9881  263 120.95728  23.47 3952
csv: 121.6133  24.6267  366  112 121.6019  24.6294  254 120.95728  23.47 3952
csv: 120.5917  22.9406  397  146 120.5881  22.9547  251 120.95728  23.47 3952
csv: 121.1153  22.8486  432  186 121.0989  22.8653  246 120.95728  23.47 3952
csv: 121.1517  24.7111  351  107 121.1619  24.7175  244 120.95728  23.47 3952
csv: 121.6353  25.0231  382  142 121.6483  25.0225  240 120.95728  23.47 3952
csv: 120.5964  22.9250  347  108 120.6022  22.9203  239 120.95728  23.47 3952
csv: 121.6022  24.6517  342  105 121.6153  24.6508  237 120.95728  23.47 3952
csv: 120.5483  23.0142  337  101 120.5411  23.0158  236 120.95728  23.47 3952
csv: 121.1092  22.8100  399  164 121.1006  22.8294  235 120.95728  23.47 3952
csv: 120.7608  22.0503  432  197 120.7767  22.0544  235 120.7919  22.0389  669
csv: 120.7542  22.1125  379  150 120.7561  22.1244  229 120.95728  23.47 3952
csv: 120.8389  22.0900  357  128 120.8467  22.0900  229 120.8417  22.0678  512
csv: 121.5614  25.2522  339  114 121.5653  25.2494  225 121.5533  25.1708 1109
csv: 121.7942  24.4292  414  189 121.7903  24.4153  225 120.95728  23.47 3952
csv: 120.7919  22.0389  669  446 120.7897  22.0603  223 120.95728  23.47 3952
csv: 120.7361  23.9136  327  105 120.7728  23.9164  222 120.95728  23.47 3952
csv: 120.4853  22.9786  381  160 120.4814  22.9783  221 120.95728  23.47 3952
csv: 121.0356  24.6728  336  117 121.0453  24.6681  219 120.95728  23.47 3952
csv: 121.0500  24.6753  339  120 121.0456  24.6683  219 120.95728  23.47 3952
csv: 121.7156  24.6247  331  112 121.7242  24.6183  219 120.95728  23.47 3952
csv: 121.5942  22.0194  378  161 121.5828  22.0247  217 121.5856  22.0100  476
csv: 120.7003  23.9653  324  107 120.7067  23.9594  217 120.95728  23.47 3952
csv: 120.5586  23.4678  321  105 120.5667  23.4644  216 120.95728  23.47 3952
csv: 121.1419  24.7647  470  255 121.1533  24.7172  215 120.95728  23.47 3952
csv: 121.1858  24.7625  308  106 121.1950  24.7636  202 120.95728  23.47 3952
csv: 121.4917  23.5958  306  107 121.4933  23.5983  199 121.4972  23.6075  321
csv: 121.6092  24.6572  299  100 121.6150  24.6522  199 120.95728  23.47 3952
csv: 120.9372  24.5894  410  213 120.9467  24.5892  197 120.95728  23.47 3952
csv: 121.6700  25.1775  467  272 121.6547  25.1758  195 121.5533  25.1708 1109
csv: 121.0128  24.6606  304  109 121.0108  24.6578  195 120.95728  23.47 3952
csv: 121.5642  23.7503  296  103 121.5625  23.7503  193 121.4889  23.5447  913
csv: 121.2986  22.9719  294  105 121.2964  22.9733  189 120.95728  23.47 3952
csv: 121.4972  23.6075  321  135 121.4819  23.5844  186 121.4889  23.5447  913
csv: 120.8417  22.0678  512  326 120.8403  22.1028  186 120.95728  23.47 3952
csv: 120.7983  21.9589  298  115 120.8039  21.9658  183 120.8186  21.9733  307
csv: 121.4714  23.4053  314  134 121.4694  23.4097  180 120.95728  23.47 3952
csv: 120.8556  22.0097  407  227 120.8617  22.0228  180 120.95728  23.47 3952
csv: 121.5861  25.0256  370  191 121.5831  25.0131  179 120.95728  23.47 3952
csv: 121.8494  25.0453  302  124 121.8442  25.0467  178 120.95728  23.47 3952
csv: 121.5856  22.0100  476  299 121.5678  22.0319  177 121.5344  22.0528  543
csv: 120.5992  24.2125  310  135 120.6714  24.2694  175 120.95728  23.47 3952
csv: 121.4889  23.5447  913  743 121.3964  23.6000  170 120.95728  23.47 3952
csv: 120.7628  22.0817  323  153 120.7756  22.0936  170 120.95728  23.47 3952
csv: 121.3264  23.4058  306  139 121.3342  23.4208  167 120.95728  23.47 3952
csv: 120.9903  24.6422  272  106 120.9925  24.6408  166 120.95728  23.47 3952
csv: 121.1183  24.7950  299  137 121.1175  24.7808  162 120.95728  23.47 3952
csv: 121.4925  22.6583  270  109 121.4861  22.6558  161 121.4831  22.6525  271
csv: 121.4086  24.9200  282  121 121.4061  24.9158  161 120.95728  23.47 3952
csv: 121.6081  24.9178  396  235 121.6072  24.9092  161 120.95728  23.47 3952
csv: 120.7903  21.9797  303  144 120.7781  21.9797  159 120.7792  21.9683  319
csv: 120.6314  23.8892  442  283 120.7003  23.8431  159 120.95728  23.47 3952
csv: 120.4986  23.1550  258  100 120.5036  23.1572  158 120.95728  23.47 3952
csv: 121.3842  24.9956  401  245 121.3647  25.0019  156 121.4264  25.1361  601
csv: 120.5981  22.8700  273  119 120.5928  22.8725  154 120.95728  23.47 3952
csv: 120.3942  22.7881  253  102 120.4014  22.7939  151 120.4325  22.8300  417
csv: 121.3967  24.9244  293  145 121.3961  24.9153  148 120.95728  23.47 3952
csv: 120.7092  24.0003  247  101 120.7111  23.9956  146 120.95728  23.47 3952
csv: 121.3450  24.9264  315  169 121.3222  24.8983  146 120.95728  23.47 3952
csv: 120.4869  23.1256  249  104 120.4981  23.1217  145 120.95728  23.47 3952
csv: 121.5206  23.9192  594  451 121.5061  23.9208  143 120.95728  23.47 3952
csv: 120.4631  23.1561  301  159 120.4539  23.1611  142 120.95728  23.47 3952
csv: 120.8186  21.9733  307  166 120.7972  21.9739  141 120.7792  21.9683  319
csv: 121.8906  25.0419  297  160 121.8892  25.0558  137 120.95728  23.47 3952
csv: 121.6358  25.1044  262  133 121.6278  25.1131  129 121.5533  25.1708 1109
csv: 121.4561  24.9461  417  290 121.4608  24.9339  127 120.95728  23.47 3952
csv: 121.5039  23.4833  243  123 121.4997  23.4828  120 120.95728  23.47 3952
csv: 121.3056  22.9822  235  116 121.3092  22.9892  119 120.95728  23.47 3952
csv: 120.4378  22.8608  224  107 120.4453  22.8572  117 120.4325  22.8300  417
csv: 120.4339  22.7897  255  139 120.4225  22.7978  116 120.4325  22.8300  417
csv: 120.4447  22.8075  234  119 120.4350  22.8089  115 120.4325  22.8300  417
csv: 121.6964  25.1672  230  116 121.6878  25.1628  114 121.5533  25.1708 1109
csv: 120.4367  22.9611  350  236 120.4558  22.9906  114 120.95728  23.47 3952
csv: 120.4200  22.7531  251  140 120.4269  22.7811  111 120.4325  22.8300  417
csv: 120.6550  24.3561  235  127 120.6589  24.3497  108 120.95728  23.47 3952
csv: 120.4325  22.8300  417  310 120.4600  22.8856  107 120.95728  23.47 3952
csv: 120.4247  23.2603  276  170 120.4494  23.2367  106 120.95728  23.47 3952
csv: 120.7792  21.9683  319  214 120.7856  22.0075  105 120.95728  23.47 3952
csv: 121.4264  25.1361  601  497 121.3333  24.9681  104 120.95728  23.47 3952
csv: 120.6325  22.6297  221  117 120.6317  22.6342  104 120.95728  23.47 3952
csv: 120.4317  23.2919  218  114 120.4444  23.3008  104 120.95728  23.47 3952
csv: 120.3958  22.8072  226  123 120.3997  22.8078  103 120.95728  23.47 3952
csv: 121.7519  25.1189  201  102 121.7681  25.1231   99 121.7733  25.1203  211
csv: 120.4186  23.1036  285  193 120.4319  23.0950   92 120.95728  23.47 3952
csv: 121.6536  24.7069  220  130 121.6478  24.7053   90 120.95728  23.47 3952
csv: 121.7081  25.1589  228  145 121.7019  25.1628   83 121.5533  25.1708 1109
csv: 121.9628  24.8372  224  152 121.9597  24.8383   72 121.9531  24.8414  387
csv: 121.5558  24.8992  170  101 121.5542  24.9022   69 120.95728  23.47 3952
csv: 121.7733  25.1203  211  145 121.7994  25.1242   66 120.95728  23.47 3952
csv: 120.6664  22.2572  167  110 120.6661  22.2528   57 120.95728  23.47 3952
csv: 121.5533  25.1708 1109 1054 121.7389  25.1106   55 120.95728  23.47 3952
csv: 120.3447  22.8414  310  257 120.3619  22.8389   53 120.95728  23.47 3952
csv: 120.3361  22.8175  246  197 120.3425  22.8283   49 120.95728  23.47 3952
csv: 121.8217  24.6089  167  129 121.8183  24.6069   38 120.95728  23.47 3952
csv: 120.7194  21.9636  149  123 120.7514  21.9678   26 120.95728  23.47 3952
csv: 120.6986  22.0092  189  164 120.7339  21.9731   25 120.95728  23.47 3952
csv: 121.6042  25.0783  136  113 121.5986  25.0844   23 120.95728  23.47 3952
csv: 121.5486  24.9925  137  118 121.5592  24.9931   19 120.95728  23.47 3952
csv: 121.8436  24.6014  237  220 121.8378  24.6092   17 120.95728  23.47 3952
csv: 120.3786  22.5275  149  134 120.3933  22.6139   15 120.95728  23.47 3952
csv: 121.8175  24.4558  181  167 121.8119  24.4575   14 120.95728  23.47 3952
csv: 120.3136  22.7008  175  163 120.3417  22.6925   12 120.95728  23.47 3952
csv: 120.2614  22.6417  355  343 120.2786  22.6744   12 120.95728  23.47 3952
isl: 120.95728  23.47 3952 3952
isl: 121.9531  24.8414  387  387
isl: 121.4831  22.6525  271  271
isl: 121.5344  22.0528  543  543
isl: 121.6119  21.9492  161  161
